4 167 96 10 149
4 168 39 201 132
3 34 284 67
3 54 122 142
3 180 222 265
3 216 174 31
3 108 172 289
3 99 102 205
3 116 14 223
3 184 185 192
3 87 244 55
3 275 40 242
3 110 202 104
3 41 28 51
3 164 241 266
3 0 128 264
3 296 29 250
3 80 243 126
3 88 217 112
3 8 146 78
3 72 239 43
3 103 254 12
3 4 282 115
3 212 204 152
3 85 214 292
3 134 121 106
3 7 157 145
3 249 64 182
3 299 268 196
3 286 82 66
3 75 158 17
3 24 86 288
3 161 111 297
3 210 209 176
3 62 170 256
3 246 26 280
3 13 298 229
3 294 68 59
3 159 236 215
3 162 258 47
3 220 191 71
3 148 295 100
3 203 3 155
3 92 11 30
3 259 207 228
3 133 50 141
3 127 271 252
3 276 27 251
3 95 177 37
3 58 195 279
3 193 61 186
3 136 253 120
3 260 109 194
3 137 117 231
3 150 269 233
3 107 147 123
3 227 197 135
3 144 160 143
3 218 163 154
3 56 73 46
3 105 6 293
3 171 76 1
3 225 89 97
3 74 237 69
3 273 23 262
3 263 70 77
3 125 283 153
3 187 190 206
3 261 90 189
3 38 48 178
3 285 42 49
3 15 114 240
3 19 83 151
3 198 119 211
3 290 22 270
3 18 140 272
3 267 93 94
3 44 101 278
3 60 235 9
3 57 81 169
3 63 118 84
3 200 25 52
2 113 181
3 226 45 274
3 129 287 257
3 245 139 175
3 156 131 247
3 232 138 208
3 79 291 2
2 166 219
3 53 5 173
2 21 35
3 91 199 183
3 213 124 165
2 32 98
2 281 16
3 224 248 130
2 188 20
2 277 255
2 230 238
