49 8671 6530 663 967 9322 990 2006 9071 376 8021 7498 8988 6545 6551 2532 9374 3875 1757 9201 5871 9511 6094 8132 1337 8273 4704 9897 1101 6471 800 9870 209 2372 3612 5388 7039 9467 6403 6521 133 6516 7465 5009 5240 3587 9432 4028 8367 8376
43 3729 7319 1460 5426 8687 7210 8909 8626 9203 3196 1319 7763 9324 5156 6590 5231 2225 4900 9403 330 593 9740 9022 7542 4828 915 4237 2798 4812 5667 8259 7749 829 7609 6464 1796 561 9894 9329 9696 9317 343 2931
46 5670 4370 1694 7409 5189 2750 6790 8126 6064 4466 743 5773 4755 755 4005 4179 4687 1981 838 9983 5973 193 699 758 9805 9370 8226 7751 4512 3715 3298 7672 5109 2140 8596 6793 3421 5518 5422 82 3530 3900 6867 5756 4311 1083
47 6755 5941 3556 9957 8174 5799 2715 9064 5256 5470 128 3872 1140 4851 7011 9886 1165 2845 7668 9614 5615 3111 2970 5992 8565 505 2096 1576 466 661 1948 1600 1773 2377 778 431 4861 6184 759 4836 2972 9563 3234 7324 3511 4541 7293
44 370 423 155 3226 9218 8830 1521 4276 6830 5265 8773 2647 6144 6162 6514 1568 3908 1222 1818 9508 6775 8349 3686 9852 9792 2362 6333 9321 4192 2252 6916 6194 1565 6218 8753 2613 4411 523 4322 899 5912 8663 9992 9085
43 3248 7747 9542 9724 6847 3815 6622 5968 9420 3585 706 9719 610 7186 9900 2841 1478 714 393 7108 5617 1949 3342 8611 7879 4645 4611 3379 8882 5370 9117 1225 4708 6138 5206 8493 7082 5433 6410 8494 4664 4553 4361
49 1379 9967 9780 8716 4797 595 2333 2011 5583 3491 7046 7679 6181 4402 8911 7979 2870 9758 8949 7374 6993 8096 8957 1511 3748 9558 3117 9998 354 5235 981 3669 4758 6254 2942 5738 3631 2484 6869 5595 1153 7915 1111 8990 5668 5523 7934 9207 51
48 5186 940 6066 4529 2947 5628 1631 311 7238 575 2958 9059 2718 7926 5280 8941 293 3856 854 4154 2064 3792 6200 3565 7388 1412 2433 1129 9083 8670 4267 4795 7576 6298 4825 3647 8249 4895 6650 4953 8405 8071 587 1122 7028 2656 9641 8033
47 9435 5246 5399 5880 9636 6385 5568 4465 8943 4980 6767 8802 6787 3228 4782 7936 2083 4823 2757 4486 4270 2659 3956 2777 9393 132 4853 7913 9248 4590 7752 7553 1589 8769 7632 9289 3225 7109 5868 7922 2887 1476 6444 8255 6542 5706 8484
48 6119 1591 4426 1114 6163 4509 8934 8383 2198 8251 9808 9674 9281 3386 1567 3664 8003 3852 189 1022 581 7239 9170 1421 4985 5335 5069 1209 2749 8829 3749 15 9211 5990 8008 9538 2540 5162 117 3878 7420 7059 6592 1914 9428 2466 4388 1882
45 5961 906 4731 9460 3509 9727 2974 7624 9391 1809 275 8374 4992 3895 4573 2035 8812 9631 1042 8906 3894 2071 5068 9777 6845 9095 2284 683 8163 2303 3487 7157 3128 6739 7776 3771 4945 2261 4628 1152 2026 2167 9160 2360 4741
47 9615 2213 3726 6686 467 2359 8386 5983 3599 1404 1873 9035 8331 8452 597 891 6214 7020 7909 9097 7937 3073 741 5679 2611 9454 9914 8059 8317 6467 7247 9594 1626 4289 2568 6168 4068 8348 2001 8646 7501 6235 7003 8749 5259 4350 3081
43 7329 4194 1117 2980 6212 3897 8573 4151 731 8043 394 6392 3003 366 6046 9184 3882 2178 424 1192 3754 7110 3638 2509 1705 4613 5626 6880 6882 6784 4927 6334 3403 7356 6864 8024 222 6663 291 5255 1327 7731 601
43 5071 4930 1823 9547 7283 1399 819 524 3594 1229 6747 5247 7158 4899 6797 6321 625 8579 6381 4770 9493 4033 7737 976 7199 3254 9646 6749 1180 9669 2670 8014 6657 2018 4892 1846 7102 432 1819 7390 2130 1224 6837
48 6896 3787 8817 1137 4502 5192 8102 6865 2039 3129 1030 6655 2447 3355 12 1158 7732 2556 4339 8253 4323 9285 1159 8779 580 9504 7305 9837 5126 2998 2008 131 5046 7755 4126 9279 812 4382 4032 2067 4433 7427 1040 3559 9980 4157 794 5555
45 572 3183 2895 4271 1441 4396 6704 7827 537 6102 299 20 9717 41 6022 6077 563 624 2787 7007 107 3488 842 2530 7947 3720 4856 567 7225 2297 3333 9890 713 8937 9497 6722 6431 7697 8825 647 1839 1309 5182 1860 1055
48 6264 4229 2336 7148 8814 923 2133 2811 9887 6897 427 9200 3848 9869 8205 992 8520 4205 1608 8620 6012 7453 7815 9770 9526 4594 3760 1326 3842 4773 356 4347 2271 5064 65 5989 7547 9465 3332 9628 3100 2838 5704 8676 5879 7234 2944 5221
46 9099 1105 1183 6485 3830 7706 814 3435 9768 4951 167 6519 8542 2058 3325 9204 3476 5078 5933 1479 1883 7178 1834 9879 5106 4461 8360 1141 2489 7164 1043 4752 3974 5338 276 6067 3560 9593 2380 7444 6461 4654 4867 6343 559 5063
47 6074 2215 3692 6378 9072 6569 3273 3028 7355 9253 1601 3765 4531 4679 4248 4568 2850 9134 7970 5079 4042 2955 721 4009 7613 4070 4667 8479 1654 3408 7655 1487 6352 5925 4890 7854 1586 4787 5401 5824 8592 6482 5462 1701 2758 5846 8933
45 5850 2013 1147 3727 7030 300 2817 4026 6117 8874 8532 8041 527 1606 3437 1537 4996 8804 6478 764 4254 5233 6113 4905 5298 5741 2813 7906 5087 6571 6646 6801 5451 8545 3643 6164 6273 9682 8228 6528 8806 7633 656 6338 844
49 1247 2386 9518 3869 3062 4943 6931 1076 1422 7244 3404 6277 3065 4972 9706 2345 130 6251 2933 1000 2542 962 1017 8544 4063 8039 8863 7261 8042 91 5655 4707 2621 2123 3604 7795 1975 6098 793 5543 7149 9062 6166 9318 5287 3055 1123 5038 6825
45 5440 8404 6143 3366 4087 206 4714 7775 7873 2308 8362 1054 9494 8731 5978 7462 2081 1553 6703 5945 8832 9344 8032 3194 6453 2306 9300 3023 5293 1703 2249 7716 6202 7347 783 371 3993 3527 8187 1969 2672 2247 8123 4873 1904
45 2836 175 9663 1916 7617 6228 6577 9208 6316 4993 5594 7692 2042 5715 982 6567 5308 5153 6375 1059 1828 1034 4532 6968 6817 5305 3052 9617 4169 7277 3602 1023 9490 8080 5295 4440 8265 5688 892 5605 9764 2342 1014 9624 5217
45 4372 6436 1227 3060 8403 5684 740 3243 2104 2576 5591 8394 1934 4332 7745 6080 4358 4713 9739 9716 3718 7252 1861 1112 3364 7025 1019 7816 2829 4327 3146 2285 8269 8051 3474 7614 5522 608 2355 7566 8144 1714 6169 2875 5028
45 3099 9175 3141 8697 2760 7051 449 4172 4360 6731 8720 2253 1555 3469 5681 6656 247 363 3311 3645 9194 7263 9278 1021 7604 4620 7742 2028 5310 6465 7163 9258 525 8780 9752 4116 3091 6349 6339 1095 703 9140 918 1623 9416
46 9835 539 9132 9466 9996 4831 1887 6048 3094 3041 6263 4880 6699 8983 5944 1315 9867 2639 5807 7141 4115 5632 997 259 3163 681 9044 9108 3395 5851 2863 3611 9712 3932 3589 4352 1919 3784 5708 2877 7478 2059 8913 3691 5152 4501
47 3778 7383 1794 583 1170 6393 2891 6108 7779 2443 7055 4842 8409 737 4469 7972 7323 3051 6998 9667 50 937 4041 4387 4913 9337 6766 7569 2419 6070 8200 6310 9055 8644 6664 2033 5636 9220 3841 7500 9058 2265 7372 6733 5236 2046 7618
44 852 3190 7431 9307 7224 8922 3821 6697 4274 5960 4994 7778 4262 210 4761 5337 9622 8993 6092 5288 7529 7505 7395 6540 6324 8742 55 2258 5874 9586 1877 5219 7054 3155 2879 156 3657 5552 4378 1549 3548 9601 4878 4598
44 696 5193 710 4242 6379 3490 7899 6093 4135 7896 339 6290 7078 5696 5749 2771 9448 2906 4015 1109 3835 3673 2934 32 9725 7366 2164 7053 3145 2441 5959 6400 1830 3525 401 5876 5934 7040 2196 6223 2429 1968 7321 5932
44 9199 5840 7254 6371 2824 8366 1635 8075 2280 1447 194 8798 1396 7924 3407 3275 3377 6720 4533 521 4403 2491 4839 2709 4891 5447 1662 9345 9214 9429 307 3063 6259 2700 6556 7515 2581 6920 5127 7856 6674 6960 64 7852
45 1248 933 651 4258 7762 5132 760 3849 2865 1219 8121 4045 426 1515 3887 6123 8294 2014 5198 3161 5821 6462 4235 1876 8159 8342 7651 970 2632 8400 5570 6039 9713 5765 5142 2281 2694 2546 6459 3968 9425 4275 1074 321 7657
46 9502 8079 9987 165 8624 7953 1695 1411 8180 2586 2580 9550 3121 338 2561 851 1377 8500 2191 9924 545 5616 847 7592 3873 4547 2030 1664 6025 4210 544 9726 6969 3684 8578 1278 5574 3940 8960 7466 8221 5151 8289 61 9282 8369
47 8521 5502 9000 1541 8324 6789 5754 9011 9698 9017 3949 9453 8936 5531 8978 5261 9818 7991 5203 9743 6675 8329 9799 727 7116 8864 3382 8384 2409 1563 1685 7828 6566 8261 6152 4937 9182 8222 511 1075 2200 1826 4443 900 5631 7041 4607
48 4622 565 574 6398 6233 3797 5376 8009 1148 7378 2794 4220 4182 7862 1829 2849 1157 6033 5407 2453 9910 8752 8569 4335 4610 5365 3251 2626 6135 552 3436 473 4805 1964 1474 6065 4269 5101 5205 9153 6959 6820 2254 7037 2571 9306 265 4706
46 8552 926 6402 3742 7911 1125 3131 3346 5609 9121 8696 7014 3002 1371 108 6320 2089 824 2242 5847 4862 2077 7212 1269 8498 7817 4419 2240 869 1967 821 9043 4911 8991 3918 8280 4520 7091 3075 1841 9330 4315 5307 9349 3543 2190
44 9689 5207 6761 2116 3203 1048 7954 4362 570 8274 6003 4489 6861 8220 4641 7522 2132 6914 7010 5538 6293 63 6639 2535 4342 3201 8456 6620 6188 4788 7670 1811 1661 7340 7836 6759 9786 6126 8323 9424 878 9745 2049 1173
46 7902 1010 89 2686 2404 6583 5353 8232 6796 6899 9001 4479 8419 4705 694 4596 6597 3475 5772 6643 2702 314 1572 3904 7156 912 8473 526 4524 6281 6213 244 5534 4956 6689 1789 3653 1090 4746 4474 5475 4709 3907 6416 535 6483
45 9607 4821 1026 7694 7554 2070 8429 6142 3083 8298 7583 1810 2847 894 8710 4603 4883 4460 4948 6040 347 5585 5175 1781 9618 2691 7649 201 3855 4058 3755 6076 154 5733 6723 313 8528 1987 2080 7189 7506 4261 9109 8969 3859
43 5986 5650 96 5467 4299 4575 9741 7000 2417 2880 1291 2987 9788 2985 5739 7269 4987 1918 6735 1027 3159 2127 873 6974 3497 8551 9232 7840 609 8161 2981 1639 2770 7960 9541 1070 8583 5465 4850 9358 3564 8907 3207
48 6470 1249 9407 4442 5445 1583 2717 6373 1738 1546 3119 2940 2241 1816 2272 7710 1971 816 3677 436 8972 3132 4176 3103 6900 2435 8084 4640 4700 6586 8793 7333 957 342 8862 3309 542 633 2526 3494 1134 6175 4345 3514 9581 2192 3206 7661
45 1533 3838 7066 7780 3884 4381 7446 993 6124 5572 7083 798 4931 4175 7523 4209 1231 5757 6858 258 1035 3688 9145 9620 4034 9061 8229 4014 7801 9993 775 8717 5066 9359 5942 47 8531 1311 5802 1458 8433 4391 2121 6510 9642
43 7771 1381 6985 8900 1590 8287 7067 7765 116 8803 3573 4754 4738 2774 1668 2790 8276 5644 5640 3743 8845 8627 8956 5330 8028 3963 5946 141 2957 2720 9679 7195 6134 2275 5092 3447 9763 7456 3202 8870 4101 7047 8263
48 2650 336 4376 470 5155 2456 1245 2773 5135 6982 2652 413 977 4457 3744 3082 5474 4452 4934 3758 6141 914 9828 3818 2678 6013 6595 8965 6286 5803 9299 7770 6976 3959 6977 1603 9849 7139 3500 7695 8212 4768 8415 8284 169 4435 9030 726
47 9855 1982 9686 9978 5685 2911 7354 3917 2690 4078 8477 7291 4781 3464 1729 3687 1960 8463 2978 2604 7220 1743 4918 6898 489 3912 9066 2676 7172 9921 2892 9537 3828 9813 931 253 7560 4318 6877 7162 3777 5049 9647 4140 5332 4380 7005
46 2048 346 6057 280 5443 4307 3562 4969 5026 9051 8901 479 7660 53 9186 8435 9041 2544 2022 6667 6641 1972 3187 7009 9731 6922 3710 312 8639 5227 5506 1065 8283 9933 8728 7176 3672 3127 4146 9942 2349 4031 4428 1930 9747 4579
42 9128 6893 9366 1455 1625 2550 8617 5103 2155 8497 4076 7223 5748 4213 2402 2314 1214 8999 9498 3394 7931 8733 6607 2099 8101 7142 5603 8651 9793 2207 9183 3836 7228 6394 6458 9812 7605 4902 1897 1924 9637 3120
47 7278 4017 418 4326 7270 8599 5000 2585 8560 5716 861 4181 70 8605 5837 5726 1279 1798 8094 9301 895 2861 2643 3385 8570 9589 3453 2458 3334 2712 7018 1463 5230 9705 6988 1449 3454 8167 2973 2884 5094 3734 6466 2658 5377 669 235
45 6071 9948 9386 9954 7203 3794 8526 1372 49 5025 8218 358 6244 1516 4638 6081 9546 114 8135 5524 983 3618 484 185 2776 1347 9520 4273 3719 3375 11 1287 508 7182 1357 678 4357 6248 896 8244 2488 9995 4863 3768 8332
43 5034 1091 5633 9269 6438 4196 787 7846 5352 4811 4393 422 359 9521 7129 2683 4668 7338 8176 8669 1066 1366 143 2019 9484 3 2468 4291 9451 8078 5902 215 6043 9025 9625 488 8023 6621 8470 8948 1297 2327 8465
49 5429 4981 2516 4198 6261 2919 78 747 916 2470 7266 7943 9002 1281 999 2073 4255 6986 7607 1081 3540 7785 3985 1745 8097 959 5839 8602 16 5114 7724 2634 3188 4915 8335 2809 6708 4721 2260 5665 3303 3991 4155 642 6274 4600 2536 5527 6895
46 4130 8363 2431 6972 2741 6473 9213 4398 8029 9888 6409 6563 5745 4742 361 8061 4766 9600 7346 2784 4144 9400 5893 9599 2343 5600 795 576 9052 8967 7855 8258 1468 4921 3703 4406 6354 2495 5097 5163 9575 9326 9265 6947 6439 3909
47 6492 5439 7411 2434 7093 1318 8106 8584 3440 447 7452 8564 9856 2024 4588 4539 2688 6454 3001 8130 7213 637 5082 1063 4202 3336 348 667 6208 8896 8747 4719 8952 9854 4627 9379 8959 260 8847 568 3467 238 9078 6509 3167 73 3658
48 2492 1610 2176 2128 2478 1 1495 9463 3546 4505 6426 6814 4858 9693 2412 8343 3320 774 6742 4515 7713 6337 5469 7764 5970 6045 8512 7933 1087 4859 2274 170 1171 9141 8491 4083 1998 2228 1270 4621 697 9054 5546 6692 203 2354 4879 8614
47 3050 6167 101 2636 9969 8805 732 8293 1031 2638 2625 5157 7967 5104 9205 9338 9079 1006 5321 1940 8719 6811 4566 2295 2984 6647 9070 3429 8146 7928 5194 6031 3417 6715 5801 4190 266 5145 1453 6570 515 4159 6001 3698 149 3930 1096
44 4495 3339 87 5065 3012 7235 640 2416 7656 9268 5499 1905 2194 4094 9478 3098 9246 3221 1609 6701 4681 3634 6051 345 8840 7127 9036 3649 6278 3231 6777 6909 8127 5818 9139 8977 256 6995 9195 34 8202 2148 5477 8020
46 3793 7756 2421 4889 3681 7974 5346 9381 5913 6496 9115 9 1199 3522 7181 8372 9094 5418 2461 9373 8012 4521 4966 8201 2963 3253 6698 1692 2131 4473 7418 7993 1339 2162 3162 4390 5793 1015 4908 9761 1256 1547 4802 6475 1912 8700
46 8107 4656 8505 5598 7297 4287 9005 3534 4200 3434 7200 136 419 5123 9964 1355 7586 6240 8958 367 9452 1368 3774 5918 8112 8247 8270 8054 1711 3058 7391 6648 8785 6199 1033 925 7096 9557 6112 6844 5363 4279 7294 9470 4086 7171
46 4162 5472 863 3757 3019 243 1342 3210 7669 8976 7574 246 7579 1211 4351 3741 6210 9479 4051 4935 6090 8850 1943 7099 6187 4216 410 7460 7249 2525 31 9973 1898 9606 5999 9474 1317 5782 3227 9073 3975 2789 3499 4983 5550 6255
47 9040 1413 261 8288 6695 2324 4075 4661 6994 1375 7600 4577 5284 4602 1003 5409 9845 8726 8914 5296 8541 9107 2996 2752 5428 5414 2725 9464 9237 9528 4669 2086 1894 481 7580 5473 408 2990 5729 9596 5588 3504 5997 1736 768 5714 9977
46 8100 9155 9681 790 9274 437 7844 3025 4118 3067 9543 3857 8257 6629 5599 199 6826 2766 6075 4016 2084 4924 7597 9577 936 1621 4660 9472 5919 5515 588 8794 2557 5493 7530 9685 3654 8158 8822 709 9468 4110 1403 1064 6736 8836
47 7258 7715 9288 7154 5497 2664 3812 517 2199 248 2003 5223 6010 6582 1482 7481 4716 5444 1681 1228 7121 4970 7379 6587 2727 109 6421 548 9167 1216 8940 8438 180 99 4456 5614 2367 8688 8668 1538 9661 3660 5213 9936 2498 5558 9956
49 975 8234 2106 399 4298 2150 2449 5826 1393 9032 8271 1156 2411 435 5643 980 8647 9069 2000 8559 6841 8955 7308 7236 3822 8370 9102 6776 8340 3069 725 4203 7977 8450 3246 7786 5768 5174 471 7013 3997 7790 2747 9441 1801 3980 5859 7741 6115
44 5798 1360 6365 2090 3276 3224 1073 3714 2649 1707 9257 335 3578 2340 7477 1851 120 7331 4301 7396 3232 6950 7298 7507 3616 8381 5753 4516 5050 7031 6369 3886 881 277 2541 6799 7743 5718 5811 2291 2510 152 8577 3018
47 3545 6630 9223 6121 5300 8844 6401 7100 8507 9239 3214 7513 2477 2197 4629 3442 9174 1888 6411 670 516 7405 3632 2904 9363 7070 2594 7687 5977 2822 5215 5629 1653 6827 2517 886 6447 7401 5283 9878 1784 6559 2292 9825 415 6585 806
47 7830 2578 2088 4060 8230 8077 9193 4225 5737 6151 8431 2959 9771 360 9759 9517 8489 3547 6457 3153 2762 2157 7185 979 1483 3396 3898 377 6355 1425 2315 5648 590 1473 179 7088 858 3506 2976 5903 3093 6600 4808 6928 8026 3582 9113
47 7725 7389 4424 5442 8681 6035 3533 2476 4375 4631 2857 443 6450 7606 9123 1139 9803 4906 5329 2214 8499 4253 4775 8488 5326 316 9532 166 4282 7782 2108 736 8015 8215 5658 1726 9251 172 1072 8861 5128 3390 229 4266 5601 4215 3096
44 7135 2405 7499 779 4522 3452 1759 9519 9548 6383 9461 1028 6230 9050 4816 5357 1944 1632 9611 4698 8665 8162 5136 8792 1466 4186 6610 905 3891 6724 1536 6756 7921 6611 6876 8548 4869 592 7994 3807 9397 5134 9414 5928
47 9004 8254 8590 6390 421 8787 1775 4784 1634 3021 4871 1953 9291 5886 7677 269 1612 6037 3694 2007 7 1676 745 3426 8869 503 3384 8513 7793 897 1624 7738 6536 5637 3926 6525 1927 8954 8426 4608 3552 3480 6241 3178 1929 5237 7996
48 1954 2499 6260 8425 240 7766 996 7130 4919 2979 880 7360 2854 4635 2244 398 3264 6234 3034 5920 8724 9173 6237 2685 4227 8828 8962 5936 2454 9941 4657 493 4226 3152 7700 6055 8145 1658 1164 2587 2779 7447 6104 2105 1525 514 6961 5468
49 630 7813 1523 6498 2296 6813 8053 9165 702 1836 9380 2554 5091 2 8408 550 1574 353 458 6060 4455 2165 2885 9111 308 2310 368 9703 6515 4103 6285 1993 643 267 7634 7211 9779 4511 297 2948 5766 8666 7435 8307 6934 8462 4893 472 8691
47 9189 6719 2925 7165 4820 303 4212 5607 2969 8196 7146 2277 2923 1193 3479 1434 2788 9192 636 5085 2185 98 5044 7961 138 3702 7419 1038 9409 249 213 302 3335 3134 7205 4677 973 9576 1044 1790 5318 5759 4597 2052 7304 4540 5446
46 4733 1461 6158 6295 3139 5333 2290 9968 8224 1620 6923 6311 7138 8884 7893 6494 6009 9923 5621 2161 4170 828 5820 8193 4877 5810 8240 6183 1945 888 7581 1166 6835 9084 9922 3788 4195 2392 686 7303 6888 4536 4498 2529 5979 9458
44 6644 8375 2307 1435 8767 9135 3261 7538 8536 3064 9798 4785 6300 4963 6058 6743 7352 504 6357 4986 1418 1526 8511 7458 9997 1354 5549 4855 7133 9926 7024 2518 3213 9216 8588 3924 5360 1262 6346 5402 3027 4334 4847 8868
46 7479 631 6186 8925 6109 8233 3701 8575 6579 960 6727 196 8616 8529 921 8460 4413 9935 5185 6297 2708 6364 3307 2912 6548 5728 5057 8250 1615 3124 9018 9008 3006 1508 7262 4218 8856 698 6802 9718 384 835 907 30 1785 1443
45 9829 6751 1312 390 4585 4928 5835 3503 6294 1290 2964 5403 5781 284 8133 8721 434 4526 4581 2231 5125 4692 7105 328 1731 7847 8944 4167 4079 9789 8214 5950 8475 8169 9357 4098 2076 7739 3242 145 221 5421 5048 3326 3646
47 4818 4476 5947 5314 7534 635 4872 3834 7197 2082 5620 8010 874 9690 5480 5580 7469 3353 5736 2916 3130 6296 4771 7886 8049 3721 2173 654 5216 8297 7528 4286 9120 4694 8424 3076 9673 791 1472 6096 4959 5022 8702 6432 2122 3486 6628
46 9068 7068 7973 5455 6883 227 7675 4637 7784 8674 2111 468 6804 2707 1741 5483 5994 4059 4548 7509 5463 4964 9585 6099 1133 8002 6806 5184 5272 9864 1374 8211 8339 2896 8729 290 6884 8027 3583 1445 6363 8445 3289 9912 617 6132
47 232 2175 67 3451 8423 1077 4909 6406 8171 8867 3871 1304 9365 3581 7539 2074 1013 2206 5789 585 4995 3297 4689 6245 6846 8530 6073 5486 5698 2394 9019 2029 9342 6557 1493 2222 4551 4445 2390 1197 5940 9626 2764 682 6783 1644 4462
46 534 134 1345 7727 8266 9106 3031 945 9033 3017 9582 4876 3722 7963 1284 3415 476 6016 7368 3176 8833 3284 8256 5496 234 8487 6114 879 1831 4268 9507 2705 1500 2951 600 4256 1512 5526 3961 2732 7646 500 1673 5311 1642 7665
47 85 3164 1886 4672 7543 1392 3880 7952 4799 4514 9704 5438 1907 5344 720 2761 9096 7611 9450 4564 8550 5630 826 2504 2710 2982 8897 7796 292 6860 1177 6615 1203 3045 6857 6726 7966 8811 176 2219 6936 7721 9476 4178 3883 7733 2553
47 5003 8011 5148 1629 4400 5244 4007 8388 7251 5833 3296 3173 4736 3850 9670 2338 44 5239 5814 7708 9928 4666 2803 8604 6891 5491 357 1825 1198 5883 8886 2730 3262 233 9873 2616 2180 9650 4574 5392 4865 7371 9794 950 4619 105 9579
