15 8890 1879 5522 152 3137 5793 359 7944 6347 2101 1793 8249 3920 3892 8278
12 303 3411 6216 9743 374 5289 990 7873 7341 7707 3262 5968
22 9913 1170 5287 2107 501 7525 6642 6927 6977 2479 3416 4217 9233 5511 1434 3293 115 2474 3015 6769 1093 1242
19 1178 4704 5695 3157 15 8534 5054 2513 9774 1756 8419 1516 1603 7187 388 6207 7719 401 784
13 4839 3321 6793 3421 7330 7966 14 5772 5131 5570 2683 8084 2773
15 3156 1267 100 5808 66 6670 3866 8546 3508 8513 153 7012 7880 9301 8722
9 1335 3855 6536 6698 138 9219 8007 9980 8303
18 4094 4794 9138 7493 6550 5954 3811 4221 3354 178 237 6705 6180 9618 38 4917 8092 923
16 3580 9137 7428 2981 4347 5001 1121 7682 6756 7504 2837 801 3736 9245 7447 6960
7 5497 8435 5189 7092 9394 3430 6190
11 3654 183 2602 2476 1298 3296 8478 3243 8141 6151 6518
20 445 9559 8786 8694 1568 5620 9022 947 9950 5093 232 1870 2359 2918 4627 9516 5251 6028 2593 3134
17 4679 1908 9731 9478 7920 6799 9052 2247 8200 9833 9426 4616 213 3144 6899 9338 1216
22 1992 8102 3112 5300 1407 7580 7342 6503 1132 1255 7749 1498 5341 9386 2619 7258 491 8602 5322 9413 8641 2880
19 4829 5069 3073 2601 4937 4029 2613 3474 3701 3328 3602 9572 2932 1821 4998 855 4993 7670 1645
13 1138 4601 6851 7188 5970 8464 550 5112 751 6699 4549 6203 4329
9 4435 6160 3362 5417 2799 9658 5562 2454 3741
11 8703 2060 91 1369 3986 199 7967 6741 8284 6359 6753
16 8578 2480 6946 9272 5256 2805 285 6940 6162 8679 6108 1183 259 4701 6616 4987
19 4059 7373 9477 8021 8035 9657 7140 2942 318 7153 2572 8536 8144 8281 4567 9200 9389 7242 7405
14 8292 8489 6024 5782 8257 9283 663 683 3083 2958 1647 4682 8788 8753
23 2949 3616 372 493 3366 7234 3326 5794 4318 2776 7679 5530 4409 7872 517 8153 8974 5242 7896 3448 7300 5202 8939
17 7318 4171 7901 5996 2717 694 6149 4198 7674 4461 1413 8845 294 8066 6335 9898 3571
15 9121 7194 7982 4920 7327 3680 5925 6508 4508 8810 4230 8859 7863 1095 2579
12 9084 4346 9042 444 415 7193 9778 2477 3173 3141 23 3791
19 4377 4717 5008 6703 1779 385 6357 7564 3382 4039 9704 7775 1933 6564 7801 8305 2259 7831 5412
24 7429 5387 6645 9737 6749 5161 6961 7922 8214 7321 2745 8181 8030 3127 5427 8496 6774 7449 7199 5216 1362 5750 9257 8048
20 606 6879 2284 2033 256 827 520 8928 2045 8807 1039 7265 9293 4780 1391 8041 4442 8409 9552 8154
24 3444 3708 7929 4515 3648 2634 3 877 5309 4397 508 71 890 2789 404 8639 2391 9643 2827 3853 68 2490 8392 8777
21 7913 4706 8198 7687 313 8447 9436 8077 531 5733 7743 7895 4934 1669 1971 6860 2120 6664 5515 9676 4779
12 7952 1984 7406 9763 6325 9603 2699 4176 9468 6781 5705 6520
11 2418 2896 2066 4618 7755 9074 6140 2339 4991 4320 644
17 2384 5858 2076 4878 7790 6353 4575 5271 4960 9949 7571 1278 236 9958 651 6112 6288
20 5018 9306 1079 4767 3314 2444 8951 396 9355 9963 817 3689 7003 5898 7736 5767 6732 7029 6194 4005
26 1209 5654 8191 4807 7931 4866 1489 9270 1716 6803 3483 6205 6380 1578 4634 2560 4486 5527 99 8315 2925 8696 8756 4284 5368 4580
9 9675 6438 6473 9182 1067 301 7087 2197 762
22 8630 4194 4115 7846 6985 9030 9620 4224 272 6008 4173 9400 8593 9416 5004 2889 2825 2833 9961 1462 1760 1115
21 6807 7685 1862 9065 2790 5860 3174 3970 1598 991 1421 3511 3909 5681 3352 5249 3062 4956 3283 8405 2851
19 2296 417 6098 4869 5777 7266 2397 5472 249 4433 1917 3374 5100 8904 8483 5752 6050 1118 1374
20 5299 3544 1227 5899 5491 3370 645 5689 2899 1045 6068 5611 9143 5763 7107 3004 9755 594 7725 1732
22 1815 3068 8462 7877 4078 5712 3775 6450 4990 405 4635 4880 2947 2741 9113 4853 46 63 2915 977 8110 437
14 8518 119 6329 4088 9406 507 876 3377 482 3261 1396 9687 6284 1998
15 1664 9549 4520 9547 7420 3639 3678 5943 2405 8829 6118 4418 4971 7954 2273
16 9888 9670 3381 7962 6800 9902 8662 9593 8136 2295 2365 2047 5288 3385 3252 3536
11 268 4494 208 29 1263 8373 2782 8510 2762 2644 3560
26 1993 3564 8989 6652 8848 3205 9847 8079 1004 4699 970 1307 8987 7145 453 4800 7547 1749 1802 7717 4434 1044 9193 4506 5508 8797
11 3457 8878 1627 5553 8849 360 3923 7818 274 6701 8501
5 8773 2074 9160 3016 2346
10 7468 6274 5843 4413 1811 7697 911 327 4813 6010
13 2576 24 1228 2536 1189 8434 4772 4944 3731 3547 7091 2037 5886
23 8271 4914 6484 7401 3606 3845 5291 5391 3843 2632 5106 9367 2065 771 8649 4030 1334 4367 8574 8130 6464 5363 5618
15 6135 6199 5771 9249 9933 509 6341 9428 9660 2612 4067 9210 1147 9119 3713
7 190 8184 7490 9987 6059 5548 3936
23 4379 5598 7710 6476 1660 2885 6255 1852 2228 3101 9709 7699 5231 7462 7488 6017 6852 8058 8765 7184 7888 7100 5865
12 1492 2869 9207 8157 2275 5847 4227 6515 1129 6423 1128 2908
3 563 4017 4027
21 1978 7355 3490 4787 8798 7417 9962 1945 7578 7727 4975 3183 1049 4149 6310 9936 8398 7034 3415 4210 9993
3 8227 5475 9693
13 7399 8588 6541 9751 7048 5743 3789 3462 1667 4264 4838 6384 7059
20 9550 2695 4206 3826 320 4405 5632 8833 4651 7006 8841 9989 7541 8224 597 1180 4541 5989 1514 8113
18 5192 6922 9199 4302 8816 4940 7870 1861 3776 6179 8039 5168 2646 4431 9223 5344 262 3125
25 7293 7243 3414 2681 8631 128 4689 3989 8988 9424 3210 1711 1423 4106 1069 6174 1832 844 9493 1841 705 132 3010 3132 4865
5 6783 6003 5091 9569 7105
12 3527 956 5678 9497 8444 8854 7045 2089 5444 9674 8336 8838
14 920 6804 5234 9127 2797 9815 5764 8193 5451 2957 8720 634 3962 4417
19 9020 3976 6141 3133 4981 3974 2537 5838 6387 1409 3752 9125 3079 3519 40 3031 2929 1156 6439
22 84 1869 1863 6237 506 5405 4832 3117 3007 7849 3714 3908 4625 1819 1358 3150 2067 1588 4458 6187 366 2615
8 8711 6305 9838 935 8605 5318 3804 9849
14 7640 9925 5352 2834 2364 2757 9535 8270 5209 5869 7721 3318 1720 1356
17 666 7097 2652 1700 2375 812 7741 4278 1053 6235 1370 1960 2435 1957 6301 7068 5348
15 6039 6662 9789 2846 6716 5864 2990 3446 544 6938 2162 9689 2125 7359 6600
17 1528 7190 5437 8072 7065 5317 3211 2111 5228 80 8565 6845 6990 858 3520 3505 6019
10 7320 511 5245 665 3623 9421 582 5340 4736 1064
23 6901 2838 6023 1755 3566 216 2515 2031 8361 5347 4845 7797 5013 1567 4743 4254 9562 7313 9095 6088 4364 6955 6185
13 5113 3578 7630 4852 542 235 8811 1850 6472 9261 2705 1231 1022
13 8329 5751 3477 6279 1637 7984 8551 6000 3493 561 6131 6556 2528
21 3743 2651 7569 1644 1282 2568 720 6413 5701 27 3429 3763 2817 6383 7200 5223 9181 9597 5560 8526 2697
24 5445 9078 3066 8323 3418 6752 5901 7701 292 2151 742 2351 9327 2590 5639 5145 2562 2798 8577 3800 5703 4333 7978 1426
25 2432 519 489 9707 9806 300 8956 6426 7691 9790 3476 3556 1896 4044 5909 9479 1765 9006 2842 7345 139 1846 2286 1928 5404
14 2920 568 7956 2999 2020 7255 649 1250 3092 6002 7757 4942 8571 5883
20 6654 8708 284 1970 4863 2079 9284 2777 6620 2557 1989 4810 1763 5581 1279 3400 2475 9129 4554 3871
14 7070 7575 6953 2041 7542 7331 5691 7324 650 8867 9541 6621 1092 6775
21 6456 57 1630 2585 4481 6969 6587 5380 5593 6362 5992 3353 3499 4382 1070 3676 2024 1953 2347 8490 9005
14 6115 1803 7535 6021 4628 6730 326 4369 512 9539 6376 467 5281 7519
21 3253 6361 8085 3203 2523 7823 3851 8820 6155 2142 319 4964 9662 6276 2392 7544 654 783 5923 7577 9736
19 3988 8236 849 8629 7808 8615 724 2470 9629 399 3121 1541 369 3502 30 9862 1611 3298 9967
24 4214 513 9890 1784 2781 3790 6360 8831 6638 541 4204 6970 7351 2668 4527 1583 4596 8537 6787 2433 7748 2679 2069 8949
6 677 9349 6066 1224 7971 2265
20 6252 1349 6562 5815 7894 1355 4686 3232 3164 5921 6929 5085 276 4632 3628 3944 4015 983 7898 7938
9 700 1054 5218 1326 8520 2982 3666 5540 8563
4 311 5516 9226 1399
5 3607 3692 8059 7576 4796
5 719 9705 4068 8767 2758
4 1305 9869 7555 2573
9 6694 187 8088 5284 2127 8658 8255 8527 9304
14 9698 3208 9071 2143 5237 4546 4331 5837 1967 8421 6042 8817 9969 6591
8 3471 8158 7554 6924 266 4011 4390 5460
14 2106 775 7903 5279 4720 8426 4043 6471 8258 9372 9732 1703 3256 5561
18 1438 9654 1160 5662 9934 2731 6708 6163 4979 397 6129 6363 3834 4997 3581 1484 8581 2926
16 6794 2742 3435 7891 8038 618 9167 6251 34 5810 3008 5321 5580 3151 8340 3755
23 1315 1866 856 5012 4260 6596 8768 4209 4125 5704 883 9686 8353 4621 5353 1673 9540 9266 6489 6086 7869 1982 868
21 769 7465 7864 8328 7207 1734 8477 239 8617 8628 2614 4489 2944 2302 4466 8240 7806 1820 9145 571 3679
22 6150 210 9402 1102 8644 6864 6062 4690 1532 370 8103 1451 586 2561 6225 7560 2367 6542 2962 755 9220 5842
12 9393 6220 7988 8864 448 5523 233 101 291 7032 6229 3883
12 8149 8642 1381 6184 6810 5283 6791 1877 8006 6867 2267 6889
24 4309 4910 3585 6639 9526 3640 2802 3772 3108 5495 5169 4560 838 7294 647 6688 7652 3355 2013 4976 6881 3387 8862 4374
16 1543 1090 4450 2952 6200 9474 9548 3145 5572 7885 5594 1991 8234 4010 5118 8885
12 945 6399 2105 9319 4002 5990 5009 9694 5780 1379 7977 8879
9 9216 4502 422 9483 7031 5204 1400 8126 1813
9 8024 7690 6809 8791 3393 8968 8663 2976 8276
21 8204 5089 7816 3859 4495 3267 5569 5579 639 5167 7622 5220 7425 5670 940 2545 5418 7642 6585 2371 6840
22 4885 8795 9845 3721 3663 4147 987 9229 7322 4033 5099 7137 7523 6619 9502 4226 2458 9446 4288 1901 2097 5652
23 7862 8868 9842 908 1041 1783 2016 1320 6996 8665 4055 4552 1807 7128 614 4963 6796 9646 5927 3434 1011 26 3000
11 8509 6786 9619 4913 8346 6013 918 2989 865 4317 3028
11 7229 6575 5193 2556 9631 7208 9190 4045 5210 6583 4492
16 6403 4815 8575 8187 7232 2352 9045 2622 1922 6306 3240 3627 7955 9955 3929 9025
21 5424 6849 8671 2551 8207 6455 1415 1518 7793 732 5675 7605 8129 8428 1684 2804 4533 4559 9437 5117 1713
12 7475 6004 9820 1560 2110 7882 1655 9246 7684 7295 5485 1202
13 9544 1319 4824 6083 2215 745 9222 6599 6468 5413 9010 3702 7181
19 3572 8155 6767 8713 1799 3044 3947 3699 1955 8093 2213 7179 5919 3864 1544 1919 7221 6500 6300
11 3236 1986 1605 4788 7103 9180 1299 575 6989 1436 7061
20 9851 7171 8506 7763 2969 2319 8960 202 3747 3342 7352 2891 3363 8393 9659 4768 5644 4311 4484 6011
20 9852 3513 1589 3220 2935 7513 456 7298 5027 8645 1457 8851 9440 5129 4856 2400 201 1812 1990 9999
24 6110 5955 6409 9735 8062 47 9710 5243 9795 3573 2401 3332 6593 6980 6714 3215 8977 5327 2733 3882 2943 9427 5773 8139
24 9581 5335 5601 9546 2207 8225 4558 1980 4499 4806 8268 2501 2084 7231 114 8958 7798 9260 6435 8809 4564 6895 82 224
5 9523 5716 950 1105 7206
7 1066 6466 2566 1475 2366 3760 3246
12 4184 1100 6172 39 8682 8547 4591 4714 1275 657 5255 7621
16 1874 2184 463 93 2649 5479 1501 2462 7532 2379 9040 9147 9663 4451 8137 4732
7 6780 5025 4882 1135 8397 3026 7527
17 7013 8413 3691 979 7543 5738 9575 3764 5785 7853 9877 4357 3983 1259 8863 6573 9317
13 3257 2511 1386 4205 3193 4089 6178 1762 8341 8619 2730 8352 6096
8 7957 3840 7019 6198 5933 9823 9297 4469
13 2917 4428 6244 4756 6491 4749 5566 2121 8932 6366 275 8127 8824
27 157 8219 2605 1414 2377 5400 1104 280 3316 6713 6020 4323 1827 9682 2565 7689 4590 4535 9730 4740 7470 2621 8570 3179 5687 430 5977
24 2356 4842 4153 9561 7686 7515 2937 402 7812 5870 8446 3395 11 4954 9863 7963 6275 5640 5276 5789 3728 9253 8087 3792
21 5693 2512 9466 4666 7764 5879 6138 9026 6414 863 5211 6707 9822 5830 8836 6653 2027 1748 631 1822 9448
2 7227 7678
22 8978 8962 8747 1910 9623 1689 1453 8843 8545 1235 7276 7260 2309 2438 9009 6660 5066 7328 3486 21 8396 8433
7 5744 3176 1843 957 1376 5891 3897
19 9935 726 3036 6526 2442 2233 2078 9784 5541 4629 5156 9016 2095 3577 3660 595 6614 7152 8908
11 4894 206 4021 1272 9044 486 3957 8647 447 796 1009
17 222 3830 4873 5034 4352 7610 8357 9975 7887 9352 5061 2063 528 2870 1849 6795 7175
5 7325 5384 3707 2282 835
5 3333 7347 5250 4138 6441
15 1867 6706 8675 3090 896 6173 2402 9139 4555 5957 6772 9298 290 260 7433
11 5890 1557 2412 7483 8457 2598 1036 1383 1161 5918 3559
6 8965 9346 2656 1419 5057 1439
22 6044 8112 5636 2327 4167 8953 194 6085 7081 1181 8516 9565 1554 3056 8358 9066 1786 1890 7604 6522 504 7219
6 2147 5920 4643 6984 3230 8330
12 8175 3647 6378 4858 2971 154 5430 3389 3227 289 3198 995
17 88 4980 5060 212 1221 7609 3181 9179 8601 9185 8018 6043 9907 6886 426 8655 7522
16 8670 9392 2414 130 9490 1650 2761 917 7299 2994 7158 6432 4134 6943 4751 1408
10 1192 8231 3219 4454 8060 53 4172 8389 4606 9714
21 2571 1503 5746 4895 2748 1062 8263 7830 7503 7737 5534 8922 2859 3918 7777 7672 9509 5302 4911 1483 2100
9 297 169 8698 4709 55 8192 2987 2019 5855
22 9901 9325 7692 3779 4907 6757 7614 7085 1031 2635 2645 1169 6478 8010 9762 7774 2877 8286 9590 2342 3733 3931
10 530 6742 6340 5377 4644 5197 5320 7660 4626 9601
20 3055 3051 7364 2641 741 7209 6814 9475 353 2314 7732 870 6692 1464 1029 2317 189 9154 3809 54
8 3951 7020 5934 8637 310 6397 4229 8994
11 768 1530 753 730 6582 8731 4293 1524 4561 2694 773
15 3329 9282 9011 9452 64 2787 5907 8179 5262 1963 6425 7236 943 8083 4042
10 4833 2711 8653 9104 2661 1725 8799 4128 3696 4476
17 5649 3468 6633 4404 1186 3454 4085 7101 67 8360 9904 7443 1068 8982 5490 3265 2940
17 6656 6502 7612 9503 8367 1994 9992 893 4843 9321 4443 9837 7619 5729 930 7655 3286
24 4687 8458 9068 6746 5017 254 1914 8597 9469 10 6192 8930 6038 3506 8764 6224 349 6394 7973 6592 4518 2219 2249 5173
24 585 7186 5717 3409 8243 1723 8806 7172 9191 6437 4344 6605 3574 5929 9724 1911 2542 1520 8064 1940 2194 4862 9331 7146
14 9864 6026 5539 4249 1037 2510 4340 9893 1536 7484 9895 7268 5435 3035
6 5991 3767 964 2161 4408 3288
20 2774 7109 4969 7150 8326 6855 6856 515 4472 6823 5246 9340 1166 4265 7845 7776 1312 7426 5974 4286
6 1273 6123 8449 5766 348 476
19 6404 1845 5535 5783 9463 7900 6159 6367 5700 8101 1266 786 8359 6763 4362 9519 613 8839 226
16 6952 5324 6718 499 7534 7949 96 4238 2527 8045 6666 3942 1287 8218 6782 5111
19 7329 8555 2893 4003 2077 6263 4394 7958 155 8403 2102 2004 9017 2518 5762 5203 4216 6177 5461
10 9627 6186 3833 364 3330 5401 9827 1366 4909 5046
13 6269 7759 6677 881 477 4718 5622 1724 215 6282 952 7454 3705
25 1888 3426 102 7211 4677 1232 6641 9106 4136 3489 8583 9867 151 5154 6887 3582 7030 6095 2685 2149 540 8183 4680 5876 148
22 8382 5507 5602 2245 248 2108 1332 4130 5212 7316 6196 5045 1768 1629 1875 4343 50 5200 4912 6040 4110 9515
11 9267 4143 4525 6537 8176 7120 697 9418 389 1225 667
22 4414 986 6884 7941 7422 4854 6983 3865 5032 7090 7746 3437 2150 7939 9855 5165 3597 1847 2218 2456 2795 3084
15 6765 992 8585 9645 2220 4170 6574 5124 2977 5221 1130 6551 8474 9470 4325
19 7911 7934 5809 3104 1245 7999 2122 7498 3590 6928 1606 2369 1351 4684 3280 5657 3724 8132 6212
10 7198 7884 2738 3050 6218 9116 3952 1030 9213 1339
11 1447 225 8801 2393 7567 3436 9205 1057 686 3406 5969
19 7928 6327 6805 5663 711 4939 9804 6808 2214 7914 3575 9621 5151 6421 3234 5839 8515 8538 4691
8 1515 6048 1109 9752 1838 5082 1177 9377
22 9305 277 6101 9341 1309 98 2320 409 3216 8481 2023 2303 330 5379 1719 7852 9605 7377 3312 2133 6295 7201
14 4637 7464 7926 1679 7945 3018 6328 4519 9218 8313 6589 188 6315 2964
19 1635 3958 7191 6580 1873 8800 1537 7778 279 8937 7387 2708 42 9798 2872 5625 4457 6079 4936
15 8587 9626 8128 9702 4485 5208 2900 8830 8659 5525 2311 880 684 7664 7809
17 5358 6570 8023 4605 3317 680 3748 7455 4482 2678 5326 2643 7981 6401 9369 395 2968
10 3869 9274 6971 2930 780 6907 8009 2596 3924 6517
11 7553 8566 629 9362 8573 7594 7769 1628 9130 3323 492
19 9768 5868 3276 1864 8739 9981 8984 5442 6939 4667 4624 8688 7418 7360 105 1775 7745 243 6610
9 9976 8104 1040 7379 3149 8693 4366 1246 6521
18 3017 9563 9133 6379 7876 9054 636 1459 2306 6077 3392 6962 6841 2779 1506 7752 7136 6170
9 7716 9579 3548 3551 16 6176 4771 304 302
19 2519 8203 9345 583 1222 4656 3904 4953 2429 2600 1695 6972 6146 2522 3304 2879 3383 4553 6603
23 9412 2293 8445 4653 852 9508 5188 4970 7274 693 8511 4919 4253 1197 3610 5577 2422 341 7073 7244 9775 2905 3048
10 7657 3188 9316 8529 7613 8780 7095 8623 1865 9922
6 6457 1625 1146 25 2884 9723
7 3549 8071 362 927 3447 8718 7371
26 5517 69 2006 5554 7915 779 7334 9809 4879 9195 9194 2468 9444 4870 6277 8494 7016 9028 2137 1482 8608 6535 5924 8966 1056 9329
13 6321 2913 4835 5194 6036 9161 7658 4551 6979 1936 3734 8541 706
21 6724 6076 4327 4888 3425 7415 6921 9881 1872 4921 4326 5136 6712 1253 5298 2003 1728 752 5392 3719 6124
18 5332 1949 6451 1199 1050 8542 907 3182 5180 1505 6622 5229 317 3019 6057 3039 1698 7667
21 4437 1323 3167 8309 7457 5994 6197 7365 6116 2960 6253 7935 118 62 4026 7529 8871 3142 3399 7132 89
14 61 3358 1325 7062 6369 7695 9342 2811 7584 255 8561 7946 9971 8098
12 9514 9164 617 8229 4111 4154 1345 4784 2386 8560 682 4646
11 2176 3774 9725 4619 6906 7354 4146 7419 2637 5673 7767
21 6412 3398 5426 3646 4285 2126 7663 4776 8029 3888 5107 3852 1117 413 7225 9373 9343 8369 2728 1347 5988
21 3371 1206 4867 3901 993 9171 4744 6669 3682 9348 4694 346 5421 5447 9978 6627 6779 4896 7959 8707 6365
21 400 166 8955 9473 9128 7448 2975 3885 3991 6848 2722 7286 5872 2793 1816 9353 162 77 4419 2693 5432
23 9401 9846 6208 461 9968 4711 7724 3565 6963 9101 6061 2413 6094 7071 7740 9727 555 2034 5319 269 7131 3497 4812
19 2135 4507 6618 9920 3685 3233 7389 3470 7927 4244 8584 8399 87 9812 5252 1103 4500 7718 2300
21 5510 4836 9429 2399 9015 4825 4279 4297 2938 267 5343 7858 4076 3037 8678 4534 3290 3604 5630 6789 3850
4 7249 9450 9557 4887
12 5090 772 7323 7916 2315 5875 5583 9734 2505 2299 174 5334
21 2735 1512 9202 4875 1729 5201 6885 8259 6602 7661 1996 4164 2766 8721 4381 7970 3600 3998 4236 7485 9765
19 3103 2026 3629 2992 1113 5425 7383 286 3308 2570 1124 7240 5740 3095 3357 1133 4752 4728 6995
21 273 1097 4659 1697 9370 843 65 8173 5537 219 1767 505 8886 5755 5349 5940 4462 1792 637 7408 2491
10 8351 2313 9313 3334 3394 660 6672 6029 1592 5903
7 6912 4355 1193 4066 2288 4339 7568
12 19 2520 2751 8493 3915 6416 8568 5546 3567 185 5058 1015
19 4948 2559 2217 147 5466 8826 4141 2244 1078 5958 7587 3894 3299 2712 2263 6531 6034 2043 5979
27 6913 6381 7040 6843 3239 7837 3482 9912 2118 4703 9779 2626 9288 90 7259 929 3953 5374 7262 2575 6037 4688 3040 3932 7126 2010 8964
16 8342 6293 8664 1774 6839 2250 3862 1470 2159 774 2374 621 3873 9456 7094 5478
11 2788 3364 3651 9576 7647 7301 2383 1264 4947 1027 9642
9 4665 655 7477 4223 6125 3396 8094 886 9824
20 6547 7693 8774 646 7843 8952 3159 5792 1493 7272 4847 701 5183 600 5518 1442 9239 3518 6354 7168
23 3024 7451 9744 902 6967 1276 6120 2115 4663 1460 8842 4137 5133 9453 8418 1754 791 4009 3995 3192 8151 6509 3478
10 7346 2061 9187 8343 4658 8438 9420 2081 3794 6143
23 9691 9464 7246 8804 2140 8640 9433 4213 7579 1604 946 4889 9506 5278 809 1916 4391 6157 712 3214 6007 1909 9608
23 3025 9411 1773 6132 3615 8667 2829 9871 3433 7205 8161 4470 6785 261 1964 3260 5796 6396 3423 4897 5797 6233 8923
4 8967 1582 6499 5084
21 4848 1550 842 4586 5304 7380 8901 3601 8502 9033 4566 8855 1008 5656 4098 1857 8027 9422 3598 9149 3638
23 4080 1430 1046 9487 475 7287 8970 9666 2497 120 1876 2988 3212 4084 4572 7538 7378 5928 6968 5728 6959 3662 1306
21 6735 6942 6784 8194 2910 3199 1523 7446 7528 8687 9163 7292 7046 7486 4290 5075 2195 6973 8417 5148 5828
22 4349 4958 3146 8073 7912 3443 9388 9335 6734 659 1145 2447 6171 7875 765 3075 4182 4952 5215 7079 2922 8625
12 7804 9366 8241 2403 3777 4999 450 1739 8142 3327 5142 7836
12 5227 6740 6485 5628 8840 739 8766 9019 4052 3301 6445 9673
23 6822 3245 3786 5087 4072 4965 9722 1496 816 6862 4874 1886 3085 7653 3668 4051 9518 1361 2083 1983 1764 6453 5884
25 6916 5235 109 8167 1553 1930 951 3123 7278 8624 5076 2451 2667 903 6778 6604 4368 7607 959 7639 9580 1141 1164 7261 9430
7 2718 1411 1187 5972 3273 9616 2902
23 4761 3029 3190 802 76 5356 459 5626 2498 6312 969 4903 767 9324 2721 4707 1337 6070 8724 3716 8461 8556 2321
17 9003 3821 159 141 9586 3636 7650 8991 7562 5323 2874 4452 2052 4582 7099 5725 2445
8 961 3129 92 9156 2867 8715 3278 9287
20 2531 1363 4208 1494 9738 5888 2415 3466 3621 1051 1509 7403 7212 3912 9665 4065 6830 3113 6978 1472
11 3168 3148 3655 2036 380 2907 3169 5730 3135 6297 9251
14 8448 2426 1745 4781 7226 3463 2482 9209 2857 8314 3782 3345 4890 3086
19 8557 4048 3119 9574 3672 1394 2682 2580 4603 8011 9356 5786 5328 6588 1616 3094 7315 8424 8195
21 7975 9819 7162 9679 6579 9897 3065 382 8564 5074 9027 3841 2428 8969 1401 7734 1296 1007 1205 7382 8666
22 5402 375 4421 4207 4544 1833 3807 4104 4150 7666 8591 9023 2702 9442 4739 8632 3178 4438 1486 371 1952 8331
17 6069 9495 2673 494 3160 7064 1081 1402 9405 1340 2017 1428 6254 7890 703 5642 1018
5 6296 8425 9255 3579 3202
25 7585 7129 439 2181 6630 8915 8277 9800 6407 1429 9570 874 3757 8250 6299 7067 6838 3309 9973 6055 3981 103 679 6158 5661
20 7104 9090 1620 5816 8486 6474 428 9300 433 4276 8233 9944 7711 2485 7592 5385 8790 1014 4737 3388
22 3410 5719 4139 2919 1220 8823 1738 2927 9923 3583 5222 2407 4822 8466 9892 6071 5589 6015 2608 4251 7496 1507
22 117 7196 6663 1013 1211 4986 4117 6268 9225 3650 4915 449 121 8983 3195 9173 4081 3171 4927 4785 4295 3633
18 6875 1422 7372 7010 8827 8212 6567 8244 1885 4342 7715 3258 9911 5146 281 3718 1894 432
11 2166 8856 4387 4247 4070 9760 2629 9589 8517 2886 9766
24 3005 4536 7114 8681 4585 2008 2240 4245 9158 4594 9376 8745 9458 9080 9363 1988 3768 6671 7919 2655 4745 1074 36 6060
4 9927 451 9977 1540
11 8758 8055 5853 245 2260 2234 1143 8875 8347 8109 766
13 610 3442 7438 9273 7792 4196 4300 7779 9767 2855 6827 1641 3613
18 6304 7134 7574 2180 4652 6512 4493 5502 4385 9672 5258 1548 4222 4161 4237 7337 9115 6465
22 9254 4959 6877 7135 934 1897 6625 4426 5123 1504 7648 862 217 6219 6578 7279 547 7905 2894 4945 5458 3324
13 8699 921 1676 2648 2000 9651 8933 3738 9408 1596 6486 5164 5067
20 8736 3030 830 172 922 713 4872 5885 6597 3999 83 887 3808 5801 3649 9047 5917 31 605 2373
18 4467 7712 3783 2835 2231 9556 841 1203 4036 7254 9480 815 2378 810 1925 5257 648 5961
21 200 6182 9830 523 4353 7810 2355 9263 6930 3049 97 1119 1236 1566 3917 9667 8097 1295 9591 9126 299
25 7965 4455 1735 7709 3875 9144 6729 1251 3722 6833 7668 3114 5498 7306 3726 9695 7247 2995 7336 3485 2080 4402 8282 9940 8377
15 533 462 9537 9276 2455 9810 6245 9092 1075 1656 167 3554 9105 1736 8895
23 7993 7572 8118 799 3921 6165 6982 7502 689 9879 924 8916 7531 6469 3209 3592 9142 981 1270 4610 3106 2698 9756
12 3200 2686 5967 9038 9382 498 3905 7987 1591 1737 551 5742
13 6228 8310 41 5576 2171 8272 1048 7662 6581 3272 6914 2182 6477
21 1995 6188 6538 9684 3054 1110 1871 8903 3360 9077 2040 4398 2012 373 7925 5722 2283 619 7332 4753 9865
22 5721 5477 9109 1480 2216 1771 7645 2424 6888 7344 1776 8819 882 9096 1818 6684 4498 436 8735 7744 2255 3184
24 565 1215 9002 2167 7799 3222 7860 5023 6975 4871 3968 8325 5951 4201 3306 4754 4837 2460 8781 5419 7781 1903 1418 1705
15 211 1142 2132 9681 5366 3667 5083 2640 3161 9624 9551 6696 4844 5463 5390
14 8133 9037 1491 6316 5213 6842 6818 5500 2710 5674 8691 4336 4775 5975
8 474 3849 4713 9613 9186 9750 5774 8934
11 1830 1406 3735 4705 5710 2 8025 6345 7506 5676 8122
22 1269 8302 6903 5409 3453 5014 7080 7847 7807 9510 1012 487 7333 8003 4565 7620 9588 6183 9501 4000 7828 7700
17 4733 3990 2292 2141 9543 4782 3451 4685 9136 4060 5292 4727 3187 7291 1600 386 4321
12 627 5381 2973 1010 3270 1912 607 2270 4821 2174 9457 2591
19 3147 3325 6987 3839 2332 8990 2281 1920 7551 3796 6167 3191 6103 4262 1321 5813 6958 8299 9467
9 5440 7088 3605 8274 2453 9836 4938 1844 8825
22 1593 3816 9952 1364 9046 9141 8261 529 1294 7629 8796 1672 3756 584 7256 6590 2388 7780 3143 2011 9560 7239
14 2123 1384 7041 9720 6201 8063 1902 3751 5452 1853 6429 2582 9434 2669
27 6265 9926 2904 8075 354 5699 3785 5514 3072 1840 9799 7353 6629 7637 8049 6134 6915 5337 4574 7213 9802 4581 4126 4287 2277 2819 5047
7 9996 156 599 5756 8182 1431 1159
13 8406 378 1208 589 725 806 3634 5770 6443 5096 5912 3690 8215
20 6695 5948 4228 2577 4063 9165 1194 2128 821 6262 7599 8051 5153 407 5277 5346 1586 6358 4215 6113
17 4307 5615 1613 6902 1752 6392 6909 3925 2539 2164 826 481 714 2154 8383 3895 3341
16 3739 8892 2967 2548 6896 5214 8296 2348 7588 4730 6682 4773 1632 7124 8929 2007
20 6410 7861 8213 3732 3770 6121 2663 601 293 3459 8750 5050 5635 1651 1058 848 4543 866 8005 240
9 7357 4090 5480 9997 5645 4097 7591 6388 4108
5 1200 9289 3966 6377 3507
16 4225 3795 9505 9481 5818 4819 9152 4105 5981 6054 4851 2068 5097 6427 158 2620
18 6053 6965 4673 9485 7381 1348 5995 122 4314 3645 5080 350 1975 2336 9966 5325 9700 7625
23 3197 2696 3669 9628 2324 897 4035 1796 4248 5849 8550 6648 2104 339 367 5206 2970 460 6876 1390 8202 1091 6702
19 2507 3817 8614 3530 2954 5679 4764 5582 1686 7248 9598 4211 1806 6386 238 9358 6249 6257 5840
11 1757 1465 5465 982 674 2525 2665 2179 6332 7990 4700
8 4648 1346 7558 7874 6584 3225 4275 2032
15 4984 4056 7442 241 3249 164 8869 6871 864 9397 8760 1750 2254 4529 3088
8 3603 4410 1968 6248 8395 2390 3524 5226
19 271 3778 7840 377 4099 2021 6475 283 2051 2256 4597 9919 2801 912 6936 5022 4522 7051 3492
11 7314 7174 7512 9595 1580 7075 3071 5239 7800 5373 2411
11 2015 892 6836 5359 9513 5769 4006 2131 1488 9217 6676
19 5205 7118 7628 196 4636 8160 442 6137 8034 8074 5152 2860 7644 7386 1329 2046 4165 13 1377
9 6418 656 2072 9712 1412 8401 7453 1706 4181
21 3067 3047 9035 6012 3475 9633 4058 8492 2236 8872 670 3331 591 9320 785 8307 429 9998 1234 538 5296
24 2986 8086 823 146 5799 5757 6519 6865 1587 1248 9512 516 543 9378 7222 8660 2636 6683 6797 1893 5604 8090 5051 2487
25 1313 7704 8979 6058 6956 7456 8505 8134 5803 7770 6009 1999 5880 4477 7796 227 6506 8657 9414 4463 6107 5098 5685 3464 4795
10 7141 4411 1814 5039 1759 2647 2985 6046 4303 9648
11 4071 9733 4028 2706 6333 315 527 3754 7237 7627 4941
5 9459 9231 609 2372 7753
17 483 4328 8485 6571 580 3495 2039 5962 8779 2093 6727 5303 2381 2812 2692 2226 1131
6 825 554 8379 9617 7284 2486
18 7557 761 661 4031 1271 7794 6529 6771 7197 7210 6755 7461 7505 8318 9857 2514 1617 3870
16 1372 3541 4855 1527 1257 6168 4195 7000 3867 6298 521 6747 4655 9594 198 9520
22 8146 2385 832 8239 2589 4291 716 250 6272 7656 4569 2387 6532 2743 9492 9529 4797 7026 1292 9664 8704 3745
20 2056 5711 1433 1534 728 4645 2116 2048 5882 678 2903 127 2168 8140 3960 1618 3801 4460 257 1594
21 5282 435 6393 6480 6832 9611 8324 3271 9718 3116 4351 7308 3831 6754 8186 9008 6553 3670 5494 7189 8654
22 9974 8190 9031 3469 8368 2791 3340 2248 104 5835 9419 692 5181 4306 9688 7706 470 4808 9773 3059 5274 2953
11 4742 8784 8290 6280 5160 8595 4696 1353 572 1791 6544
9 5049 4475 8902 8521 3584 3793 4119 5382 1855
20 6239 9538 9817 6850 6128 7633 1033 7738 5372 2085 909 3937 8052 1184 8050 574 6175 1435 1172 5819
23 2465 3555 6307 1777 4109 1500 9696 1223 5070 3877 4024 2431 4539 7761 8475 2524 8757 8145 8380 3109 416 2310 3014
7 8370 2912 3138 4792 4282 1693 5982
12 3972 1529 6064 2688 6336 1239 8746 5053 9258 4427 3093 7600
19 975 6133 5902 8783 1685 8298 9082 9928 8813 8254 9062 9634 9155 5104 4579 787 221 9644 8230
22 4020 3542 9761 6966 7203 2467 2304 8785 1681 8148 4595 6736 5171 558 640 5126 3561 5956 1927 2155 2294 2888
22 1609 8728 6119 6739 6893 4664 9192 1024 8020 2395 6858 1316 7960 6309 8056 8014 7765 2965 8082 2258 1659 5555
17 6710 3311 6689 7119 8150 1733 4584 7635 1368 7805 5330 3906 5550 9783 1354 5505 9960
11 6031 1794 8882 1944 4583 3802 3537 2831 8650 3368 9360
24 6189 3170 9166 9291 718 7445 6247 338 5486 4046 7217 7802 6292 2109 5532 8692 1071 2945 6027 5759 4447 9269 5637 722
19 734 2357 4657 9564 9265 7117 4532 9671 7636 3799 4906 3163 5914 3186 642 8 6847 9323 7450
11 9757 8686 7108 3635 4814 2616 9521 9307 2094 7052 2876
20 3375 8996 5306 4365 7829 5375 2062 4359 3805 3881 7155 4294 628 331 4422 3390 4448 5806 9791 8618
8 2297 4615 7102 6463 9371 4252 3595 4292
2 2934 7948
5 9965 3729 6006 7782 3491
16 7230 3557 6647 1256 3740 8950 4802 2854 1761 8245 45 2569 9840 4697 56 398
15 497 3105 8028 1831 1443 4246 965 7626 6504 6552 1065 2778 8912 4322 1626
20 328 4826 633 9151 691 2235 6566 8188 5134 698 9337 931 6945 8500 2396 5800 8998 9214 675 9058
11 2278 2881 8412 1564 8876 4496 2272 9410 6897 9012 3827
19 9625 5861 9769 2082 4654 2599 7384 2129 8938 6883 4613 2931 1382 5448 7835 6049 7530 7624 7410
12 8803 8737 7309 8719 7947 7027 8460 466 4261 3837 3956 70
13 7444 687 7817 2472 7582 8355 2028 5397 9797 6496 6052 163 9600
21 1240 1883 8940 8042 6815 3512 8981 6674 1217 2274 3404 9093 3521 1308 2496 6543 2437 6555 9056 5666 7304
11 2783 2675 4877 2382 1324 6420 4830 8643 2567 9240 2866
21 6139 5295 2305 4593 342 6762 8266 9292 3907 9929 5042 4521 1854 9021 2001 4272 4019 7074 9808 5119 1633
11 8832 4034 846 6067 9729 715 5603 7440 4992 518 4868
19 4112 9409 8338 9685 2464 168 7811 1252 5748 3038 3946 3550 5005 384 134 7409 9787 6016 7437
15 7430 1511 5263 1710 7654 7267 5120 6565 6324 5552 4259 4710 8961 1094 6834
22 2436 2963 3196 7889 9511 3531 6041 355 9640 2670 9361 847 2850 814 2991 6646 8743 2978 6373 1280 78 6417
7 2603 6338 9134 7595 4200 1595 2053
14 6711 95 873 5650 6446 8415 3060 8600 4647 2807 7218 3023 1570 6323
23 3758 615 3675 2928 833 5386 8099 997 2713 6081 6370 1979 8697 6313 2199 9984 2767 2157 9486 1467 5122 5474 181
21 9314 704 8376 1884 4113 709 2230 74 1561 5166 696 8822 7500 4487 7785 9905 1268 75 4212 5551 8770
25 3693 3891 3697 9610 5241 9303 3403 1584 5172 7296 8440 1352 3136 8289 2997 4280 3300 3568 9157 3046 5033 6637 5002 5720 6302
24 9347 6202 942 7548 5064 5457 4758 3910 7643 8749 7921 6726 7495 7694 5947 3379 4946 5617 8919 7803 9241 5832 1643 5176
17 4935 8378 4537 5557 5971 3765 1297 332 6382 7491 6100 2222 5905 2050 9986 3408 4432
14 2784 1565 3291 9235 8400 1675 8754 7545 2394 3854 9 1683 7772 1562
26 854 1601 175 6356 6493 2737 8620 6513 4828 1810 2732 1499 4016 1405 2674 6926 9091 6374 7583 7995 9063 1152 4517 9365 51 7375
17 5856 7494 6745 8821 1338 1612 1531 2350 1265 1954 308 2871 2624 5431 5936 7303 7524
14 6424 2112 1023 1485 3874 3815 5966 7786 4061 5833 1148 8592 5591 4022
20 3445 5285 7787 5433 9641 5684 8761 9948 4289 824 6001 7698 9081 6854 1915 8356 9076 4316 5900 8633
20 5668 3596 1101 7366 403 6078 473 5702 2246 723 3177 7339 9085 414 1219 8095 2022 4 3787 2202
22 3546 5406 3632 8040 9286 4966 1176 1800 150 6563 4930 3266 2398 5016 6072 3916 6640 7127 9280 4864 8522 229
19 32 8652 5881 1634 8609 6873 8273 8291 485 8926 9322 8881 3516 9221 3070 7596 7832 5613 8119
27 2720 7677 9087 5713 2809 7602 7463 5473 5143 8407 1834 9328 3938 8748 4356 8312 514 9835 5648 4609 4562 9807 736 5436 4905 246 9726
10 7319 553 9238 3798 6751 2916 5307 288 941 4483
18 6607 7253 4376 9262 3746 193 2187 949 8189 8339 8348 3803 8651 9379 5671 2747 3687 5669
13 672 3540 6402 7434 5369 1778 788 834 5946 4079 7402 2227 859
5 7768 1311 7156 1521 3539
22 423 9805 5686 3373 1721 1942 5698 209 8121 6608 1687 9583 9777 9780 7850 3226 7423 5170 9438 8714 4281 6524
4 8792 1441 5441 7813
26 6831 8586 9140 419 853 9364 3993 6657 671 2335 5043 8814 4014 9103 2345 7924 125 3365 3058 7063 6697 8354 4231 7427 7722 8304
19 8787 4233 4255 3384 2639 6634 2338 7066 6261 8431 5101 3027 1388 9534 6892 8491 2723 1427 9099
20 4693 2578 6523 708 6498 2206 7762 1937 4335 7072 8906 4148 17 6773 5787 4188 8488 3244 522 7623
5 306 1 1654 488 7042
16 2883 2316 2941 2828 502 9947 7263 2543 5182 8973 1123 872 5342 8043 3255 6191
21 3294 1111 3122 2657 6615 4062 7180 9988 85 4623 3842 7680 1742 5638 4380 4183 5595 1487 781 4401 7487
24 8262 4973 7398 8782 6825 35 6920 5976 2996 3593 2768 5484 1934 3674 4738 968 958 6635 9596 6878 4702 3098 9555 8069
14 3281 549 7116 7994 9449 884 2044 7908 8702 5469 3175 1262 441 1663
21 5086 7471 6222 560 1005 4924 5351 3939 223 782 963 2633 6320 6530 3003 1073 6948 2823 4676 8508 1599
3 2538 8306 7376
22 8559 376 7561 4602 7078 1387 1201 2715 8672 5605 1432 1946 496 4086 1926 7096 8015 7839 3658 3609 1526 7459
21 1674 4630 4724 4642 7245 3424 1981 6874 6882 126 9839 5297 4152 3996 2966 9189 6546 937 149 5811 1107
15 5727 4511 9680 3420 5371 7113 6286 4083 8223 9124 1648 7084 4267 5935 9639
8 5983 7671 9585 2193 9814 1696 3684 7771
21 8484 6430 3622 2261 2972 3753 7148 4957 8835 9153 3501 116 356 6117 6525 6092 8834 3677 1859 6661 807
10 5887 3057 6649 1997 8945 3510 688 3139 5708 4471
13 394 4661 381 5866 4528 7139 8604 850 9415 4456 1607 8322 2463
21 7499 6206 1835 7224 5998 8420 457 928 6738 5041 4899 2473 9098 503 4179 8729 7297 9527 9383 4118 4177
8 1002 3773 7004 5464 8334 5094 1061 3749
6 3608 2330 5360 510 8695 7015
