29 9670 7539 5112 1220 6485 167 4745 6652 6522 3086 9482 1003 5063 3321 6742 58 4645 285 1379 5620 8508 6771 1583 3706 6704 4811 3931 3918 7502
26 6599 352 8590 5310 5461 5148 8954 7679 2574 8723 1092 5281 1034 6213 278 2130 1161 7578 8379 2180 293 6501 6688 415 120 6730
35 1434 7576 1468 6463 1758 7842 3346 2129 3644 5639 4483 7455 2595 793 1723 4696 8231 8334 5332 6743 3927 5810 5573 8016 7964 7780 4982 1155 2392 315 6201 889 3840 3106 4678
28 1179 3496 6720 2769 5456 5 2770 3489 2538 3986 7983 2998 4603 2967 2015 1221 3400 4103 2259 4451 608 8676 7461 4959 7280 9869 9768 9895
26 8033 8394 2069 3295 5797 93 6295 4432 9375 8391 7009 907 6836 6166 9996 1781 4719 1334 9275 3307 1061 3351 6203 7903 1212 5255
29 3016 3815 3911 9804 1644 5022 9107 9308 4941 1069 7429 2354 9359 4080 2508 1391 9717 7428 1286 1901 4216 6071 6733 8088 7411 9535 2902 2007 3595
28 9191 2586 7674 5952 1196 2304 4697 7974 5303 3158 1852 6918 7939 1630 3251 4851 9507 6365 2307 342 7920 5792 3424 894 1930 467 6573 9643
28 333 9447 1407 69 8072 1293 9477 5302 8238 5413 4921 2946 6954 1418 5379 492 9999 9509 3916 657 9605 3996 3588 6921 7788 9423 8062 7820
28 820 7984 4957 1558 6681 1373 8478 3711 6412 7091 8573 3146 8332 7844 5299 3650 3004 3776 1619 1561 4859 6290 7303 2063 7386 1672 7978 9307
28 9058 3076 8710 5206 3575 3844 8778 9147 7028 5433 4446 9087 5770 3502 2982 6594 5662 1403 4609 9005 4198 9496 7486 6797 5593 836 2952 7207
28 719 4611 4765 3681 2906 6580 2920 6205 3500 5189 7802 1797 6010 533 3657 1416 955 4453 2488 4725 483 269 2486 8308 8729 6052 7697 3107
32 2038 9498 6785 1339 4239 3367 5585 1178 9489 6359 4562 1643 6434 2382 1919 9552 9232 8860 5485 3432 4399 4491 1949 5088 6517 1877 7618 196 1323 4881 4585 6422
29 2603 445 7148 7402 4034 4053 7203 9892 5742 3167 3336 1524 3981 2845 5270 6376 6905 4819 7634 3789 5753 3022 312 8112 5515 2094 1237 936 5269
30 2995 8128 656 2933 6313 5436 4015 7931 597 7815 1867 4882 8611 9501 8722 8752 4676 1517 5880 4438 7133 6140 6144 7736 9813 4369 5276 6633 6240 9982
31 2446 1574 3878 1365 2847 8282 4165 4181 7467 4387 1836 141 3304 392 868 8047 1749 8939 777 3495 222 7040 8705 1605 2588 857 7810 2904 439 6680 5208
28 3440 8039 8971 8324 5460 4096 7880 2774 8251 4158 6820 6705 4822 858 6044 9455 4113 3639 3408 4879 6923 543 2294 5715 8165 3349 1071 1508
28 9145 4236 6003 6864 6459 6868 4298 5748 5053 4241 7097 6814 3356 3849 1482 5268 8614 4570 8186 9701 3282 9333 6592 7440 6002 5161 5470 592
31 2870 993 1764 9695 487 7331 3259 2775 8897 1485 4174 8628 7068 4511 3926 4148 3458 3193 4752 3732 8086 5871 6642 1478 2336 6260 8516 638 3157 3159 411
30 5371 3209 4392 5967 8481 9627 132 3182 1127 5142 3825 4153 9919 1642 4277 4074 4509 407 3928 424 4618 5607 3691 9631 8738 2203 7843 1559 3857 419
31 2822 4764 9248 8513 7183 9052 659 5525 653 6686 9182 6162 8974 5584 5297 3415 1452 6100 9673 1413 2425 6400 3549 7786 1658 8811 6619 3168 4714 2634 63
31 6430 6982 4773 3524 2048 1612 2536 3745 5976 2835 7275 2878 6298 4748 264 938 8148 1973 9473 2861 4203 1356 3768 3676 5686 442 262 4936 6303 3062 5033
29 8725 2864 8657 9492 2145 3238 1133 9533 8249 4025 5068 3058 5963 2416 8509 7620 9681 6991 1584 3253 8656 6383 4912 1372 4905 9023 2999 7478 4690
25 7277 1896 9459 6113 908 7359 7513 150 9889 9089 6178 9072 5767 6706 4328 4740 9266 8048 1107 7987 2197 79 5526 5042 2659
25 2849 1833 9992 477 7177 8176 3272 2983 110 8153 1032 7300 7948 5730 8847 8671 2676 9210 2284 9450 8510 7746 5667 5007 531
28 6781 523 8952 8053 6262 7054 3934 7038 833 8369 5411 8066 3894 8254 7681 7733 7514 1073 8869 9085 3217 7451 7224 4741 2709 4532 1313 4184
27 3883 3592 1805 6635 9621 3716 5351 6470 8700 4958 9173 8350 6993 1771 6701 9794 1789 9985 913 622 9028 6583 4228 4981 574 7850 3531
32 4172 6683 4091 5263 571 2258 1865 6167 5274 9939 4641 8728 7374 4266 7560 2984 5786 1063 3574 6877 2128 4911 562 9009 5494 9198 6636 8032 3547 3522 1739 2406
26 8141 5465 5889 7394 2752 220 43 685 4363 8067 4689 9365 6873 2193 7159 2270 5288 8361 5684 963 9667 8197 8522 6762 1503 9770
30 681 8407 4951 9128 9322 6779 3558 8488 6472 1694 3637 997 4667 5689 1662 5727 2462 2663 2754 5697 847 1208 1500 7524 7717 940 2306 8744 5991 2936
27 9738 5939 8118 130 60 785 2918 6027 1258 7671 2763 8448 1128 7025 1894 3814 8171 246 9000 3223 2579 4705 1509 4337 8918 1367 6017
31 3117 1573 5334 3149 4123 5671 8646 1219 2289 4047 7400 7213 4591 3246 5152 6006 6418 4838 3419 5205 7826 3569 104 1506 4733 8393 1305 9113 6189 6587 7021
26 6440 1826 6190 314 1205 1776 5478 1541 431 5597 2050 5964 1085 1553 1439 6466 4475 3915 8212 6679 4999 9025 882 3421 4699 8887
26 6042 5147 7421 1421 5990 9485 87 6185 5480 2891 3065 4351 1047 5806 705 4405 2827 6536 129 8852 8202 9082 2990 9586 3633 6576
27 6428 3452 9522 4910 9773 679 6874 2843 5071 8623 9497 2017 2171 1507 6726 4085 4441 7193 3358 8014 3572 1626 6358 2616 3645 362 5410
29 9413 4390 8415 8885 6699 5423 9520 15 6859 1888 466 5856 5550 1097 7792 4578 3963 4522 6249 3244 3252 1702 3087 5039 3098 8244 7123 5789 5178
28 5835 3628 1036 1855 4983 6395 2477 5090 2071 8159 8824 6137 2082 4276 1057 1346 6967 7971 3689 6239 5300 5764 5660 2834 8270 1027 6546 960
29 156 3775 8431 273 7232 2358 8234 2334 4640 2415 8652 5601 3314 5417 4161 2549 2108 2692 4836 1748 9532 853 5011 9181 3214 651 7789 4965 7887
28 9832 474 3860 4327 5251 6304 7379 3297 8463 9186 7462 4374 5830 1166 7532 9729 2889 583 7632 3093 5469 4209 3447 6335 7595 4995 9971 3071
25 3875 9166 2570 6255 9055 3604 6630 9562 5818 3360 5015 6362 8283 6045 7373 9911 9313 2503 2483 1859 6136 9698 2516 2969 2367
27 7678 6497 5472 3201 2144 3949 3079 8441 8912 4095 3565 8260 1935 7973 2300 7218 5357 6020 7797 3725 6840 2638 2976 8749 4518 518 8694
28 2600 9887 3210 3044 1715 7976 2301 177 789 8944 9548 9116 5108 5839 580 512 4843 7779 6689 8321 4330 5143 9013 1633 2627 5844 1738 2907
34 6340 7643 9727 5557 3640 3866 593 238 9165 6411 6826 3185 7812 465 532 6997 4284 2184 237 8109 9252 4610 8119 6875 7314 944 2240 7827 7360 3239 3289 696 3901 2388
28 8450 4119 8654 5815 2860 1505 9537 2950 2403 7190 6651 7816 9179 9233 600 585 2034 7994 1502 1565 7571 2773 3483 2991 2054 5489 4875 3116
30 6130 3632 3312 82 6231 2053 9350 6584 615 893 1799 3622 5306 4218 3026 8901 9935 9659 8276 2592 1101 8021 206 5234 8203 2885 5549 1705 4866 8753
27 4078 8983 2876 3442 9772 1575 6309 2247 8123 5906 4079 2276 805 6540 7803 2466 1450 7127 807 6700 9603 5719 1947 3354 7900 5779 9438
29 6507 596 8400 4966 6493 9139 970 4734 5343 5238 199 7336 2262 4160 3180 5541 6946 5043 1649 4233 8113 6694 1685 1718 6308 9045 9580 9650 7722
27 4523 3991 3385 3623 9416 1631 185 1657 9798 5121 2320 2720 1621 5752 6757 3552 1903 4056 6297 9369 6467 2282 3527 205 3072 5897 6065
26 9189 9213 8592 9042 5448 7719 3243 3069 4844 778 8476 6601 4761 7184 4525 9595 2229 9144 7064 7913 4620 4255 3909 3197 5717 1298
33 7418 1539 7613 8980 854 2526 8464 8651 3858 190 7693 2799 6672 6999 4547 7267 1774 8601 183 2593 9567 7624 2277 6568 2363 8556 1716 9517 4407 937 7817 119 5987
28 9392 6956 8267 1704 9636 1588 7464 80 9415 1603 5146 7305 3454 4985 1314 683 4280 7912 1338 9294 3509 712 3586 3450 6141 7951 1473 7899
28 1572 6557 1924 3005 1795 7191 8050 3151 8791 4885 2989 7334 9833 7298 693 9299 4538 7181 9626 9946 6118 1455 2074 7967 2559 843 1697 1990
25 7426 1271 6250 2049 2439 4452 1354 1676 5311 4684 6882 2686 6398 1135 8497 2564 6900 1008 5518 296 859 8376 5275 4956 5453
28 306 2417 1556 9352 5520 5744 8500 3420 6550 5133 5412 8552 310 9414 1308 9923 4167 5174 3088 454 9373 7465 8789 6324 8555 6161 6598 6830
28 586 5049 6857 3579 8586 8584 8790 6854 5278 6263 5175 2924 7949 9279 1885 9757 7353 7585 7098 4876 9597 8888 2383 5615 2667 9947 9968 849
31 3387 839 6155 2756 2768 9504 4969 5170 1064 7955 3194 2465 2235 9800 4317 9264 1606 6939 2490 1955 5034 786 1570 6799 942 7791 5032 8774 9555 9163 7414
29 295 6214 8919 6407 6150 4391 8046 6452 1138 4809 2106 7784 3330 1172 6176 7088 5718 4312 5001 1225 2639 3964 2461 351 6248 6761 8792 5050 3634
30 1785 1425 6970 9515 5066 2468 7406 252 576 7484 5100 1045 3127 7258 5804 5978 2949 7829 3754 3790 8208 7145 3947 9205 7505 6532 5569 4791 825 5823
29 7833 8568 144 9033 1016 2569 684 3318 8292 1555 9093 4720 2610 3778 4215 6433 5943 5642 8587 2022 7446 2377 1989 197 3712 7156 4422 4707 4300
29 6975 612 276 4195 1236 3486 8834 6236 1668 2548 8106 1023 7242 4546 8279 9292 700 9671 1240 8856 3357 9305 4663 9610 8736 8305 4586 8180 6479
29 9159 1062 8503 7323 4867 3783 6427 22 5496 5035 9952 8616 3974 1294 4424 4310 6487 3737 5283 1077 506 7933 5180 7119 1518 3451 1150 2016 6614
29 5604 4398 994 1956 5934 7890 1756 1276 9565 9753 800 4388 8794 4127 5488 2743 1914 7072 9734 7813 2596 6372 2476 735 6828 501 5849 8225 7134
28 526 5482 9361 5233 3612 6600 3410 590 3195 8263 8532 8458 2062 8907 924 2944 6321 5040 5150 9471 201 8449 640 9170 5926 5559 9873 5921
26 7138 3247 3060 9984 8120 6125 2644 2027 5838 5659 38 4456 3199 1171 7750 9653 5778 6526 3658 579 9691 3084 517 8986 2716 3006
29 327 8468 7694 2000 2147 1300 2450 5861 5070 219 6927 6115 2056 8780 5652 8758 5688 9551 8233 6894 1274 5449 4510 3237 891 6184 8240 6173 4964
31 2851 3611 8207 271 1267 9097 2212 1521 1784 4521 9203 9720 9677 7032 1280 7953 6629 775 4027 4010 3773 7570 7041 4558 8411 7523 6506 8290 8784 4871 3227
28 9321 3025 5984 6258 3536 2840 7347 5570 5055 8245 2412 2826 8814 5962 7564 4094 5617 179 3751 9195 7686 4729 8706 6040 2866 7517 8187 6279
30 6885 3179 1751 4715 8624 9678 7769 674 8874 3813 7753 3273 8008 322 1879 984 1050 398 4202 1394 672 2871 2831 3862 1869 1333 7938 9161 4502 3580
28 7318 8546 5077 896 4834 8293 1229 9172 1639 5900 2909 7423 6368 6484 1052 8190 1828 1231 4786 945 4041 2174 3627 3112 5936 769 5481 4977
25 102 7096 1976 931 8027 4358 1897 1189 7766 292 8963 4992 6453 5447 2299 9295 7507 6259 8557 8809 4593 9041 2075 2291 3810
30 1717 493 138 1670 6374 1442 9640 232 7768 2937 194 4130 4564 7288 2077 7053 6924 4557 772 5893 9656 8326 3002 5649 7583 7413 8272 6932 5227 6202
33 9351 6891 7047 4166 5846 3618 2469 4607 8273 4144 4302 9546 9133 4694 6531 4178 3484 2092 6378 2671 7692 2110 6343 8996 5087 5250 7956 9878 4196 2749 7174 2587 2423
30 187 3353 5771 7636 2343 8681 3541 8687 4542 2947 3545 9029 5024 4045 8355 263 2445 3068 3231 1940 7627 9859 7998 7332 4411 1209 2170 6650 8307 7264
30 7653 8504 9685 9967 2018 4377 2161 8641 3340 8808 2825 8605 8115 2204 7623 1173 2333 7141 9920 8059 317 9318 6053 6293 8174 181 451 9505 277 8696
30 5260 3562 554 2399 4560 9096 163 4948 3610 6744 5277 9368 9012 2606 1056 4943 6851 4164 6106 5980 7959 8822 3526 1443 2115 787 9244 8195 4685 1185
28 5634 9460 3693 8432 6237 7715 1674 2435 1310 6609 7039 2260 510 1188 9547 7630 9040 7961 3414 6734 4245 8922 8243 9886 4580 9152 7593 9418
30 6424 4671 8386 2963 9384 9937 7944 9183 4703 4325 1083 6171 359 1460 9008 2739 8242 3125 8313 9758 9237 7403 4772 6913 7128 1728 5536 5317 3422 519
28 7427 4066 2858 4436 5005 7151 5860 5875 8377 2280 9502 6224 5852 4617 1504 369 6963 8269 6285 7269 2449 880 6289 4664 1404 2915 1106 8670
30 7136 3533 1148 2 7742 2506 8663 7087 2853 4055 7709 6574 1709 8938 9160 5732 8051 2006 5493 3046 2453 1090 4022 6917 9034 6431 3653 4516 6179 7641
29 5455 2765 2241 7611 9150 1740 250 7800 1243 7415 6318 5327 1796 8137 2551 5731 7673 1741 6232 9511 1438 2117 6662 4681 2211 12 6029 3038 7417
31 1808 5326 9942 8949 2479 1239 703 9975 4134 6097 8917 2426 5442 8191 7346 6591 2970 8599 8866 348 4234 4536 9062 8929 3478 2812 1227 2796 8061 7165 9346
31 4935 4759 3968 7496 330 7295 9752 3881 8958 6218 5769 995 9051 5664 1068 3137 9011 8095 5422 5977 3142 921 2905 160 1958 9987 8068 8037 2349 283 2107
27 3249 4182 2554 4259 9732 9123 5151 555 7866 4194 4929 1248 7771 9655 6143 539 5378 5741 8259 4886 9114 346 1997 4571 6503 5257 7886
26 3155 8152 34 7161 6421 2323 6817 3683 8499 8931 799 5716 4839 1341 2420 1043 5656 7469 3990 5624 6782 892 321 491 9109 7649
28 3511 4568 702 4050 7581 2622 6676 8000 7748 174 3105 2643 1934 8859 603 7853 4737 762 2473 7640 9649 5358 9903 8779 235 8024 6663 1635
27 2150 3756 2874 9806 7383 3722 320 9439 6866 1269 8617 2705 3094 9959 6698 8837 4763 8817 5572 3309 6659 9788 8810 9723 9748 6271 3748
31 962 8246 256 4480 1049 7482 1390 745 1203 9149 5222 3313 3110 1320 3449 2730 3684 4106 9706 1523 2208 364 9657 1153 8994 4702 8895 730 9444 5418 1289
29 4052 1364 405 874 6620 4636 1760 408 4692 9310 4828 2055 301 3543 2413 9616 2945 5295 3371 2492 631 5414 1586 2553 2626 2261 121 9349 3642
29 9180 7216 5041 5555 2418 6718 3907 6341 9880 2176 9815 4687 5905 2817 3983 7758 3884 9214 6558 7311 4362 349 8845 9705 8782 8409 3403 6061 2786
29 3660 9194 2265 3471 6983 2168 2841 4597 3417 8182 3608 9809 1585 6192 2682 2019 4112 6119 5614 2131 6043 4154 4173 8160 4459 1798 5374 3334 6014
26 9925 1109 9037 6871 8936 5313 7239 1420 9733 5350 8892 9068 1223 4072 4149 9174 2886 4854 2641 8065 5016 8987 3956 6737 5284 470
28 9822 9435 4303 450 5566 3412 216 6747 5293 4497 6693 2373 4986 1494 6998 299 370 6394 1624 7954 5558 1790 9208 7731 4682 9388 946 7162
29 175 1035 9797 4909 7667 9831 385 6727 7981 3865 7071 6697 5766 1147 5782 9344 8370 180 5139 6132 7420 765 3413 4848 5359 4346 7424 9018 7577
29 2584 8545 7606 7358 7384 2965 1076 4069 690 6186 8042 8593 4577 7525 3303 7859 5373 2869 9426 1743 6529 8340 2089 1878 6356 4297 448 4339 9510
34 602 7793 7695 2573 1025 8765 1165 8564 5739 1898 4413 5763 6033 9247 8222 6948 628 2576 86 5982 1632 4946 2402 8580 1343 3793 6608 114 695 2393 396 4412 7294 9958
28 7584 6227 6992 7014 5207 5516 221 4975 2738 1132 9976 4565 8413 782 7058 2872 9209 6962 9465 9846 433 1432 6702 3688 8100 4895 8110 511
29 3448 5388 2512 3903 2555 9754 879 9599 2409 9499 8689 1256 4782 832 4128 5191 8764 6724 9928 4778 4606 5743 5085 9069 2501 2881 1678 7997 711
24 9215 5941 1140 3763 6657 2531 5760 9314 7036 3434 4425 7005 1667 611 4240 8295 9017 4928 757 828 3154 8981 7764 3570
29 2758 726 2005 2640 629 5188 8828 9853 6256 4292 560 6206 9311 4918 8422 4033 5385 8571 28 9142 3726 8739 3111 6181 9579 3589 4256 7885 8311
26 7851 3704 9787 627 4976 7650 5223 2960 2931 3277 2355 6060 4090 3368 3463 5037 7200 9929 7550 5141 9945 4366 1634 6325 6157 5392
29 6056 4501 3772 9755 2293 9811 1659 930 6738 6523 9910 7059 7989 7860 2014 1661 9609 758 9598 9156 5179 5264 5589 7659 5996 3274 7852 8898 6207
28 2717 1893 5467 5185 6925 3620 2218 3619 2179 468 1007 6515 3515 2066 6024 831 4332 379 8221 9297 8230 6645 1646 4790 9805 1288 6142 7796
27 577 5595 5209 1779 3764 6177 2036 5125 9898 9006 266 1444 9218 8721 1744 664 1457 1706 7808 7433 5807 8079 1479 427 1727 8631 9577
27 4891 275 5262 4217 8615 2677 939 760 5159 1519 790 7824 1371 9862 2546 1536 4534 8839 154 7749 3221 8985 3930 1820 3161 2493 7756
29 2635 280 7787 2305 1429 7488 6389 5439 204 3481 3431 2124 6082 5048 4373 6653 3319 8420 3853 2733 9449 4039 9905 856 7856 5948 3668 2901 3024
27 8849 687 3534 7519 4252 7607 5105 363 9412 5533 9664 3132 917 6048 4555 2521 5630 8930 9521 8467 7073 5677 5747 5787 4643 5851 7688
31 5919 6668 4238 2715 9129 9590 5307 147 5376 1730 4193 1349 3794 6893 3705 8035 3920 9387 8196 6528 1733 8444 2816 9972 5342 105 20 9916 6074 9404 341
29 8946 9155 1831 1191 2940 5308 2024 6634 4315 3429 1871 9690 7876 4833 6612 1145 1353 1567 9674 6678 9512 2159 1110 2376 9124 2712 3816 4635 9697
30 6808 3425 5608 1595 5462 5895 3919 5949 8375 6419 9220 6225 7345 387 2761 8223 7172 4244 6512 9337 4220 4208 7339 2824 4908 621 9463 2467 8932 8392
29 4661 9117 3781 9632 8162 8957 4478 4799 6860 9363 9178 4136 6763 1459 895 6451 1046 8804 6083 6949 1992 4133 8344 5408 1939 5548 9003 6038 5723
30 8103 5160 389 4458 7449 2430 9263 2239 9407 456 7872 4017 5975 3280 546 2120 6878 5202 7795 6353 1265 549 7095 7182 8748 9291 9374 8660 6094 2719
28 4141 8961 4581 766 2693 4757 375 4304 5079 8154 2083 6711 3743 4002 1929 6291 5646 2327 2684 7506 8280 9680 2434 2962 31 1540 4111 6413
30 1141 8184 553 429 3177 7986 5867 5167 9554 7304 7268 7082 3456 3686 1853 914 8999 8082 3615 5335 4225 5992 7197 7220 6569 8084 2268 9071 1235 2497
33 2098 8315 1134 4803 2169 6032 4046 1430 3997 6978 8398 1837 5811 8826 7112 7290 9448 2187 6904 2792 3594 1656 3263 6514 5576 7799 4155 2691 9030 1967 6447 1268 5953
28 1769 3128 5886 9378 304 3731 7022 3281 3205 2064 5879 2011 3635 5330 5972 5924 3525 2839 1757 6525 1202 3426 634 806 5609 7608 2895 6148
32 45 1925 7794 6928 4067 4655 9258 8471 9943 5301 7390 4489 7377 9287 412 213 4448 318 56 1611 599 8704 8719 9722 8136 4036 8075 9759 5471 282 6639 124
28 6229 7704 2152 3172 5612 4622 489 4076 8911 7024 3892 686 6187 4368 1054 8867 8702 6195 4604 3115 3053 6209 464 455 3652 9615 1428 8009
27 3039 3265 8835 5134 5965 7253 208 3203 3651 8477 7925 5083 4749 1761 4230 2231 490 7023 3792 6089 7480 7154 9778 3734 8583 5002 2338
27 2734 9957 5377 1080 6348 1677 4282 980 8655 8214 3134 3759 4011 5519 2419 7231 7684 438 9938 9086 6019 8179 5575 251 2357 7178 697
30 4768 2803 6669 5195 7042 9219 5598 8966 422 3556 4575 3242 9500 2076 189 1461 9716 193 9570 1246 3976 4429 7425 3900 5217 983 1937 2448 3868 3375
25 601 5136 4535 9115 5726 1487 107 3912 1259 373 9993 8604 3136 9256 7558 568 1941 8800 2605 1699 3374 8554 6153 2829 9192
31 6933 8698 4349 4701 7883 9273 2221 6551 7790 1167 4370 8224 2178 6367 8878 2220 7700 1117 3473 7208 3967 3809 7250 6593 8777 8658 8416 5432 8959 5681 4915
25 9111 2086 7638 3306 7147 2154 8937 4589 5843 7046 4504 7257 3695 8675 2645 8168 4118 508 1775 7665 1297 1628 4291 8574 9527
25 8057 3929 8566 5082 8634 9235 7691 4348 313 7651 527 6114 3514 3073 8333 5487 4159 2458 6370 9602 6086 8485 8487 2386 6121
30 2223 9594 7251 7516 3050 215 9494 3465 6535 1549 9267 4579 9855 55 6665 4120 8550 4125 8310 8827 7027 329 5762 5981 1978 717 9080 3345 8683 9558
28 1466 8678 3782 7575 3373 5244 9456 4758 1883 7680 822 3685 9118 866 274 4059 7069 2319 9726 2515 7504 9132 3469 374 7125 7930 6842 2611
30 8709 816 1038 9039 8697 2608 9990 9851 7598 1692 3286 1915 9458 7588 9002 1122 6220 9323 9534 1884 9843 2347 8169 1974 1957 5985 4698 5950 796 5690
29 7849 5383 8399 2350 736 1604 8442 6286 1810 4229 8602 974 4092 9466 2010 8759 4043 4404 3621 4211 2764 3397 3841 8002 1105 5375 7839 3555 9860
31 9141 6197 9718 1348 2042 2253 62 5163 230 9660 9812 5568 3174 7043 729 6345 2256 4492 1213 7357 6469 6381 3395 8474 3699 3848 2779 2544 8589 503 1778
27 6423 8121 3198 1410 6102 3836 434 2687 1370 3785 1309 228 3508 9931 982 7626 9998 2192 8643 5754 5025 6273 1682 7730 7029 7399 7319
30 3183 1568 9470 8003 7351 1608 738 4627 7227 8469 9317 3392 1747 3416 4602 8871 3567 9066 1488 976 3189 1501 8252 6139 9661 4615 6305 2620 4418 7555
30 1999 4878 3987 2971 294 9961 1012 5878 1302 452 7531 9187 6337 4713 1552 5956 2740 733 1623 6054 1582 6805 2575 826 7601 7166 5491 4762 1954 8618
26 3922 8383 9227 2614 4227 5857 8553 2892 4691 2030 223 9618 6908 2151 5746 6050 7732 3736 890 1041 4979 8803 2776 8412 8945 5517
26 1579 1599 5944 5113 1691 8237 2138 8417 9622 1759 5322 2647 9158 9334 8688 9596 7093 7547 3270 8905 3135 2264 2275 2498 1369 7471
32 6096 6638 6001 1415 3333 7230 6623 3118 5052 675 8741 2061 1688 3955 7712 337 9400 9852 3359 471 7103 2045 7819 4427 7444 8030 9065 3311 4274 2067 9847 6172
27 8551 188 4650 7625 9286 6000 791 1411 3648 9529 161 1319 7157 2424 3211 6302 4815 4653 6401 668 4283 948 8955 5402 2143 7470 75
29 3256 7494 1590 9816 2126 3001 5925 8365 2175 200 4726 7407 5694 4601 2342 2475 8140 2951 388 4357 6571 988 898 8323 4984 1446 7050 9296 1648
26 9168 8472 1060 7648 3009 338 5683 4454 356 4647 8894 5282 6272 9390 1272 3891 9239 1528 242 6489 7644 9143 8060 7841 4364 973
29 8099 8366 108 6578 3757 5706 4628 7278 1996 1301 5279 7645 8352 3390 5073 5758 5643 6802 4704 7410 8692 8806 4403 2328 9099 9422 4268 1946 9941
30 8858 5030 5197 6092 4200 2429 9745 5512 6764 51 4898 6914 3191 8989 1406 3152 8200 9553 618 6336 6788 6549 9206 7140 459 9022 4666 6397 1345 7534
27 1711 5535 4797 3643 6790 6765 9268 4530 2410 9270 5440 3548 5847 9824 1409 4421 7206 2690 2118 8767 4024 7301 113 3014 7729 2157 2451
29 7735 8948 3324 2633 7176 2637 435 7927 4527 2955 4243 5289 5198 8558 673 3568 7737 3880 46 7168 2222 458 2875 1108 2819 3226 8743 5361 4058
27 1408 4754 2472 1422 504 1160 902 2331 9970 9821 9906 855 3889 475 5187 247 8198 5111 1534 3538 4651 4993 4367 5809 2371 4708 5674
32 7914 8364 4808 9175 6275 2519 3326 3348 6361 472 5647 384 4019 8335 918 1094 3961 8843 1763 6863 2484 3017 1696 7092 6196 2545 6316 218 6533 8891 7655 582
29 4804 6543 8183 9561 7982 9120 919 6822 5218 9362 4953 565 8262 2052 5162 6544 965 7515 6306 3325 7262 2700 8069 7892 5017 9476 3406 950 3048
32 2805 3709 2855 1067 3462 9076 7279 7773 6643 4385 1304 4444 1360 7108 331 6508 2033 5581 639 645 842 5431 5078 5338 1159 2655 149 5184 3328 1399 7908 3082
30 3236 4994 3950 7957 7668 8285 9393 420 3774 6287 6354 5347 76 7056 2939 7167 4051 9528 2047 8720 6443 5933 5676 4485 347 9978 3649 4890 6133 3767
28 3145 5014 8850 3264 4476 2295 209 9084 901 2629 1074 9092 8446 954 1146 1719 5076 1950 3248 3052 3739 1514 7868 9637 9642 1255 224 5638
28 691 7760 1312 8080 8745 3671 5580 5312 2511 4306 4544 8659 4032 5994 1873 2278 716 2407 1578 2688 4744 6548 1900 6713 8484 1136 9786 8636
30 8724 3460 8083 3762 6211 5138 2310 9495 2457 5425 3315 5405 710 5947 3692 2821 8461 5773 7943 1116 7211 9682 6066 9715 1812 3583 951 6513 126 969
32 7080 7324 9031 8286 2205 4442 158 9915 5177 7592 7163 8040 3320 4334 1215 7663 3401 981 1858 100 5929 1617 5319 8433 8940 5337 7807 3800 9164 547 5551 5486
31 2440 5524 8786 2297 2777 2930 5368 6212 4263 3882 203 7330 1933 1847 7099 4258 904 5331 595 3031 650 5094 7434 3029 9225 2987 5009 9112 2441 6969 4625
29 3831 8730 1130 8356 1863 2914 1560 7538 8506 5074 1435 5395 2390 3063 7307 9893 3885 4372 6023 8054 6855 9306 4176 2732 8695 9828 1607 1690 5320
32 5552 2607 3302 8543 2459 4005 5499 9909 956 1944 2001 6296 7209 83 8857 5249 3819 9704 8436 7126 386 3162 5640 6468 7 897 7902 2437 8306 8582 7854 6164
29 724 7235 5613 2649 4455 7952 5783 5360 2158 4559 6856 8437 3893 8189 5577 2714 1780 9316 4668 1814 6126 8127 6077 978 5466 378 2099 8360 4821
30 4801 2793 4632 6655 6444 6658 5556 4889 9254 7536 5530 8536 8855 115 8489 3599 9564 4623 5186 1426 9801 8868 4816 1669 8606 7604 1385 24 8216 9343
26 4960 3361 961 6278 4795 6547 3192 2078 4892 1489 2404 9250 2185 3213 803 9922 7762 6896 3750 5873 8902 9557 9285 5586 6217 3021
31 5959 8424 7245 1359 3914 498 4917 813 8913 3984 5637 1477 3797 9628 4382 1358 9197 8578 6494 7285 8612 3206 6886 5019 1841 77 8830 9731 6496 8640 8114
29 3153 9820 6770 7867 2339 5323 2298 4545 1767 7473 1548 4952 7459 3941 3377 1383 5775 6438 6725 6958 3378 7198 3624 9364 6478 2510 1022 2985 3876
26 8561 8523 8797 8074 6242 9397 6994 1009 1098 2097 9857 2408 1721 3753 9830 588 4023 4261 4563 316 3542 5819 7713 2345 9645 6246
31 9106 8406 3169 8017 9236 3139 4093 8991 8526 1253 7117 1971 7847 1988 2463 7118 4829 559 6530 4493 4299 9088 9319 4971 7101 9576 7223 8978 953 3285 7234
34 9151 9538 4870 7244 3992 4553 1562 134 9795 7660 525 2986 8455 5611 249 1401 9876 3287 3343 604 5003 1806 9401 3276 4899 5902 8838 4416 6654 6783 103 8770 3769 5211
33 13 9288 5777 6294 8977 1260 5116 2359 5424 6280 0 2680 1622 4520 8899 7589 6915 1070 1840 6334 3890 500 658 8825 3140 7669 2694 5812 2844 6751 8928 1533 7460
26 2163 1437 667 9980 9721 2762 9491 7993 4190 2943 9654 584 3807 3942 1496 4146 9262 6827 3000 9102 748 6560 9582 4820 1270 1099
31 7609 5130 3659 7992 3746 2057 5171 7561 7393 6567 739 3850 7838 5848 3220 6462 9122 494 4800 2200 5038 7495 8181 3980 1005 2927 5937 2105 7921 2582 6575
30 8595 8579 7720 9930 1890 73 7299 7988 926 925 2725 6862 1182 4375 7884 8560 4157 8329 1 5927 7143 4445 6342 3438 8712 8750 340 6673 4037 9478
32 9340 6392 2496 6890 8613 5400 3755 2195 9936 6300 3166 7767 3131 9739 5438 7493 844 101 7438 4868 3428 3924 3977 9004 8535 3015 5344 4600 2380 2942 8964 8194
29 8544 2090 4318 5826 4009 5117 6753 4356 6267 8309 4774 3124 430 4551 1830 7909 8908 6968 5463 3485 3564 1902 9433 7754 6832 9398 3474 1991 4539
29 7828 3937 1499 7728 8093 8389 2194 1620 8483 7135 1233 3835 2852 6399 95 4226 4365 7836 2312 7832 2112 6107 2787 4426 2104 8953 2959 3530 6588
25 5046 1040 9635 1175 589 5353 1299 3887 4460 4344 3317 5122 2581 8425 6127 6314 3738 4781 2102 3994 485 2706 7435 6865 7527
30 9696 3075 7918 3698 2815 1095 7896 3724 6215 4031 7522 715 5974 9207 6670 9050 6078 538 5389 8608 4301 3966 4484 5316 9948 8192 2093 1550 7533 2436
29 8644 8447 6488 1139 6509 3391 5318 4355 2489 8493 6385 648 6773 1044 8915 9666 3837 1581 1376 9566 7548 8951 6 5225 8146 5805 5845 6561 9212
30 1587 7639 4662 3482 850 4408 6007 9619 409 886 4873 6460 2500 7001 3034 3939 3723 5394 255 9345 5362 3600 5814 607 814 3196 9001 7004 6952 8465
30 2368 5057 5703 7030 7922 2051 9963 33 311 5355 1679 9110 872 4100 8337 922 1892 7556 7196 6714 6058 8452 2172 3823 7512 3948 7738 2041 3758 5044
30 804 6595 9202 8751 8992 8609 3520 6312 6233 54 5200 3393 7007 1535 5958 744 5825 1366 1803 3788 4142 770 9486 2865 4884 6916 2123 966 4775 4576
26 9742 9257 6778 8063 5144 5682 8968 1149 3254 9281 6707 3798 7919 6380 5755 2026 8459 6333 1850 7904 5785 7306 5459 3697 4767 4901
30 5832 4060 2012 8439 7327 3122 6446 4264 4500 9908 4440 1618 4919 198 234 153 2757 3576 2660 8138 1625 728 9623 8763 6709 1881 3355 2481 9838 7272
27 929 7708 6234 2085 5912 308 3100 1089 9979 8861 8686 8761 2348 8175 8319 1033 5816 9016 707 4569 9377 25 8081 1464 371 7315 2681
30 2672 1577 4807 5153 5349 4777 8575 2992 9356 7392 3130 8358 9575 5803 3095 5006 4862 1469 3376 7823 875 6349 9402 8647 3070 2533 2257 8880 3305 8805
28 3384 1807 9702 663 6464 979 7489 6328 9420 5096 7404 6026 7363 7146 2226 6617 8529 2070 1613 5891 9749 8102 5995 6317 5711 2329 4897 6537
27 835 7633 4122 5237 8438 3323 3703 7572 8673 9870 8988 8562 1405 6253 6624 1392 5484 3056 9230 8354 8716 9819 9633 1015 6266 9841 3232
31 8097 27 8851 4717 5855 768 7621 4942 4858 4221 3784 5036 2935 3629 7388 8807 254 2432 6965 3718 9944 2742 1388 6131 5286 8058 4584 6169 2444 3188 6441
29 3363 8205 2442 7458 421 8833 1804 484 8581 1039 59 2020 2977 7233 7725 6170 8023 755 8303 4863 5641 4439 6880 1183 9865 426 1010 3829 870
25 2381 6796 3476 3283 4323 7317 5935 2735 594 6581 9261 6895 3747 8210 444 1970 3933 1381 3910 9074 6041 3796 2911 4063 2480
29 8090 395 551 6936 1737 5182 9242 1342 7468 7765 2646 6590 2897 259 4371 3605 8135 6120 7070 9746 6964 2356 3626 6769 4271 4479 3962 6542 9354
31 1788 1753 3972 5128 9940 7894 3225 2801 2771 5315 6277 2243 4021 8538 4743 9430 3799 4162 6682 1569 118 8635 1112 2065 5728 7106 390 5712 7806 8265 6627
32 4322 2332 1734 5653 6474 3380 5883 397 1440 6559 4145 3144 2513 2397 6352 6510 30 2658 7365 481 7510 4499 9271 6031 9269 6848 9539 5946 1943 172 7654 4188
28 3902 9445 5354 3519 4 8872 6746 319 6793 5012 5314 7942 8665 8038 8883 4845 999 7210 1480 3255 1355 1953 2597 6408 4270 4590 8596 7063
28 1641 3119 5245 9850 7367 7865 4950 6971 8993 4831 7875 5169 8284 9792 5817 7033 514 7975 1563 6165 8428 5120 8637 4973 9900 5231 8167 3808
26 1959 4473 6154 2198 544 3396 6073 4514 9986 9854 743 3506 2495 5909 1819 2568 8087 8419 8570 7818 8632 2214 3993 480 8539 8629
31 4467 2191 915 6117 4507 795 4788 3854 7777 1344 5822 6666 413 1526 2948 1176 4417 1142 6111 3805 6387 9644 9693 8430 9569 8802 5380 4798 5795 3404 2565
34 9581 3288 4980 7219 1024 3696 6516 1250 8970 5784 9324 3675 1792 9231 2116 529 2044 178 3437 7778 7881 8291 8684 2726 4939 8312 876 3163 3752 2731 1762 7968 6264 6632
33 8854 6791 2563 6265 5534 2013 4001 5102 4273 883 3532 4679 84 9703 7282 1483 4855 2206 5989 248 1252 3566 9516 1384 3673 2669 2884 8241 2537 8916 7934 7718 2254
32 7995 476 7566 4802 7120 4084 873 3917 7541 3770 8274 4888 9793 6585 8775 1936 5220 14 4496 6611 9070 97 136 7255 7454 9849 195 7457 509 4735 764 9914
30 9054 8434 3694 7543 6379 1515 3479 1368 8486 5390 2509 8206 3241 6809 2615 6439 3886 461 8984 7160 6158 7857 9176 1765 6637 1916 2532 4235 7747 1445
28 8220 7662 7439 128 817 1969 1750 7960 7045 3487 7672 4379 3147 3585 4139 6977 3293 9730 8795 7017 4409 8275 5521 6943 6028 2585 3913 85
28 2156 5966 2767 7180 6299 2794 3777 9376 1899 9871 140 3812 8124 3461 9427 6760 801 2974 9137 5468 1979 4342 9201 4320 2088 3601 4345 1911
27 8598 4805 5475 5794 4311 2395 4030 9184 610 8264 8055 2928 1650 8378 3108 9119 9276 4070 1652 6984 1084 7389 823 4360 4222 7801 4594
26 1965 8125 9756 6284 7430 1004 3513 9044 5474 8889 2040 8296 4295 1968 6282 3113 4654 8161 935 6903 7074 5391 516 4352 9991 8816
24 9371 773 1491 8540 6520 1794 8873 6538 2722 1861 1436 125 3389 5114 3971 9796 6555 7274 3257 3141 4840 3030 1791 6301
30 4189 9913 26 968 605 7116 3040 8645 6795 21 8347 1962 2617 6432 3109 3728 4143 2702 776 5625 3097 2934 5824 9977 8672 6920 990 8132 8470 5273
28 2139 9868 548 4996 5086 3804 3114 9457 9274 1532 1724 6310 2316 7321 6414 1887 2227 6789 8 7067 4849 752 9101 1580 6867 4913 824 8395
28 6198 9446 7937 5903 2263 2578 3898 2346 6128 1725 6188 9127 3488 1262 305 5546 5056 8116 4853 8301 5710 2285 8219 3045 8731 1801 7537 9932
28 6950 23 6980 9933 2252 9549 2279 7110 996 1602 3362 1880 8094 8787 270 4340 8982 5098 9901 9875 8900 162 1497 7551 8077 7002 2530 1793
35 3233 8227 9366 7020 8052 8549 9669 4393 7296 2562 2525 2230 2183 6449 7873 6429 8591 6945 920 2888 5622 8519 8667 5672 1291 5605 5920 8600 2366 9063 9020 2703 6524 6159 6906
26 2993 8492 7798 2037 4082 8754 1245 7916 9153 70 4988 2539 6406 713 1876 756 3007 4285 9171 423 5155 9253 6929 5736 6647 1851
26 9488 7782 8903 3811 3036 4677 2242 425 9260 4028 7830 5367 5504 7276 8373 7889 9647 9641 3365 1922 3165 3081 6013 4695 2807 1773
29 377 5097 6640 6973 4784 5693 975 4588 4062 3989 8145 8956 2114 3096 5072 9077 2910 7573 3012 8703 7862 7169 1995 7396 7705 166 7861 9330 7260
29 6613 5008 3383 4214 2003 1462 3267 4394 2961 5506 871 5547 7906 7000 2887 4423 6692 2326 9103 1931 3466 7716 3200 6981 1279 6495 7008 4832 7540
28 3240 227 5241 3899 8261 1152 1600 2838 8036 4137 6572 4945 2857 5118 3944 3464 4750 505 478 4359 1476 9775 1328 4783 5725 5685 2781 3517
30 9888 7511 3235 7698 3735 7721 1412 6919 4874 8004 5904 6674 9372 4179 1952 3609 1866 5505 7834 5246 5444 6122 401 5243 3219 2926 5813 556 2267 1921
33 4065 6729 2813 6756 676 6554 2873 1547 6752 9289 3018 7419 9526 3121 3507 7237 7831 4414 7888 5013 2246 4670 1335 4206 9834 5735 7905 2160 5538 7152 1629 2456 6804
28 4107 9157 2583 5476 9224 3845 7158 1340 8418 3905 4938 5687 4990 394 8149 7018 8401 958 3852 2602 1234 6109 7445 9924 5882 6821 5398 9255
30 6570 4466 1846 4503 2140 4739 3049 3587 8462 6824 4168 9545 6646 2657 623 4727 1886 6104 5272 6777 7599 4324 9638 2978 3998 3493 7192 616 3202 7348
29 5588 957 6959 7173 6961 5968 4309 6437 5772 5058 2286 3430 5292 8278 9845 3269 2540 2695 7273 3535 4541 6803 2002 1031 9524 5430 4354 4793 9837
27 42 9417 5898 3051 1675 3411 6754 8572 4465 1980 1158 5828 9217 9424 5239 5212 6110 4861 3969 9125 9879 1374 7048 9342 2008 6626 7775
25 9049 5756 2365 3064 4718 2352 1994 499 8588 6357 4818 5420 2724 1856 4883 4470 2164 4554 9468 821 2405 749 8585 2213 2155
27 3190 4974 5973 9019 8766 949 3103 841 8680 9921 3631 3982 609 522 6786 3820 1710 9981 2580 9926 1513 2374 8045 3938 1786 6435 1397
31 9872 4922 8870 3027 3099 4186 6168 6618 1854 5176 2654 2122 7877 4294 6174 57 7702 4549 8480 9896 9105 3965 4731 7137 186 8788 1361 573 5021 2925 4347
27 9053 698 3316 6504 9907 35 2591 106 5235 888 5059 6586 4835 1467 8426 8362 7546 3602 3222 8156 155 1827 4267 8515 9774 2850 7907
29 671 4989 8297 6445 1907 8820 1198 9059 290 718 6456 2004 1498 6175 2527 6621 302 3638 7170 2317 8690 7683 4877 9134 9542 7246 2215 9918 4087
28 3423 5149 1835 5945 9665 9467 4004 9338 7869 1020 2255 6486 751 2125 3047 6079 5628 4837 2898 2455 1912 7376 2883 2778 714 2119 5930 4644
26 94 5721 6664 7011 1985 6566 3164 164 2274 4856 6191 8661 2833 9177 5720 9630 5692 1058 7372 9965 6355 9508 3943 1263 3468 2783
29 4852 1660 1816 8717 4248 3443 9395 9380 8642 1431 1708 5768 1972 3646 3786 6841 7155 5498 4991 3433 3523 5140 9277 3710 1181 637 5635 9358 1177
29 7545 5914 5583 1448 1093 1932 4044 5403 7811 39 5441 8435 4420 8926 5027 9409 2882 9823 6839 5563 7204 6825 4505 6818 818 3760 7965 5970 4171
29 9284 7448 1192 1520 6005 2201 4903 8620 1151 8904 7835 4533 3839 5854 6228 5346 6471 3499 1169 1736 6736 8064 8626 1857 7354 8018 4961 8402 9481
27 3042 7343 4769 7699 2236 9238 6944 1545 5397 9090 5603 3817 4081 6426 1511 440 9480 1216 9298 1232 4850 809 1800 6415 6776 8819 7559
28 8502 4071 1842 8927 3701 8327 5298 7016 7878 7405 9737 8760 644 345 7586 3674 9355 8226 5733 4711 6194 7562 1546 4646 6972 1184 2956 7456
28 6330 9336 2736 3278 4529 7408 8328 9425 1307 2651 4376 4515 9694 9381 8129 5252 6315 524 5047 1180 1006 1481 6108 1281 2311 3719 6955 9827
28 746 5324 7724 7528 3292 5348 8933 9954 620 8677 7950 567 2165 4477 8960 1336 8199 9611 4686 3497 2199 4721 8708 1454 4384 3092 5562 1993
27 4469 7946 2954 416 5333 1053 4192 7086 2674 437 7614 9728 1490 6741 5356 7932 4706 4987 9530 7085 9578 5099 8836 344 2848 3008 2791
29 4830 1492 2330 2335 457 8693 8746 2728 6740 2021 1564 7340 8864 5477 112 1013 7248 4498 763 5061 8173 9608 6103 2095 1470 47 5372 2594 2494
25 934 3171 5127 9095 3707 682 6274 8783 5023 6183 4658 4383 4633 3978 9877 5340 7710 7940 8163 3838 6907 8218 5915 3057 6135
27 7132 3258 665 8166 5713 393 9675 7629 4857 2068 9750 5578 1963 7124 4955 9525 9676 759 8863 7302 5932 632 7281 2828 2789 9882 2084
31 2234 9960 4574 1021 2482 1964 4250 9462 7185 2135 5168 111 4864 5382 5124 9007 6145 7130 2741 4756 2341 1720 3761 9684 8456 1357 3713 4008 677 4461 5240
27 1187 4246 1909 8547 7060 1210 8368 6815 9394 2917 9658 7062 9593 9780 7328 6941 1451 2631 7292 4842 3337 7266 5709 3727 6901 1327 2630
25 9814 5532 2228 2524 8701 4278 4116 5969 5366 5781 3494 2877 5833 7171 6861 9046 7333 8973 2932 4810 1475 4608 5650 5029 7368
26 558 328 7487 61 170 7485 7412 2322 4396 8943 2699 9464 9707 7044 1088 4814 4035 742 4102 1078 4296 7019 7617 3664 9431 694
27 6021 3656 7969 7603 3186 9708 7369 1735 4880 6473 7409 933 5352 9010 3896 7236 8133 649 9162 7821 520 5872 6366 3946 2487 3529 4275
24 2830 4751 1926 5051 9974 3669 8517 4900 8213 6648 133 6388 6448 7622 6953 307 3999 4755 4210 5232 3369 587 2968 537
28 5325 9136 3181 3268 3266 5229 5542 6990 5916 2707 6268 1329 1144 838 2225 2111 2029 7476 2361 4572 9379 8010 8747 4020 4237 1484 3826 5561
28 7320 7313 2890 5483 9079 2916 899 8022 7605 5502 1802 881 2802 7596 8142 3806 8341 4129 4321 7999 1230 1072 9550 7052 9863 788 8879 3399
27 3187 4796 4099 1123 2710 3821 6163 74 9839 2913 5000 916 861 214 8029 5594 535 2073 217 6774 5776 1375 2751 8893 3872 6843 2894
29 8453 182 4006 229 281 8924 3528 3480 8460 5407 4124 5429 3435 1742 8384 3700 4177 7081 2309 3394 1722 9226 5089 7897 1347 6499 2514 4940 8314
31 3516 7574 3630 8143 7397 8565 5940 8421 5896 9272 8381 1610 9771 4223 9370 5761 48 8713 9513 5123 9614 9234 7963 6957 7619 7687 4631 9679 6404 6755 8799
25 9246 5740 9131 404 1961 2096 7142 4289 1118 7661 258 7104 6749 2060 5971 887 7447 1065 1324 8451 9221 1393 7923 1875 4747
28 5062 3877 701 8625 5999 5705 173 5887 2624 2542 8466 1163 6728 2666 9483 1571 9709 226 5750 1987 1782 9503 5091 3936 2385 145 4771 2507
27 6261 7205 4115 5115 5680 6710 2433 9885 5028 7122 1389 8345 376 8762 3662 7591 6527 2750 9639 8923 3613 1686 6534 3979 4135 8443 7010
29 7901 1746 5997 1325 9817 4152 1592 3667 6553 7597 360 300 5451 2656 3888 9098 4847 4086 260 1663 11 6986 8772 4138 9962 5256 3906 3381 6596
32 8607 9441 9104 502 6910 8906 9899 8006 9848 2281 9883 7727 67 986 406 989 6226 9021 3329 8304 3666 797 8998 1018 18 3459 9934 4827 5285 9782 4014 3143
29 8896 4616 8049 9884 6731 8718 3090 6979 5510 6364 7761 3490 9043 7809 9081 157 8975 1456 6039 7283 5165 4675 959 441 7600 7991 4552 8317 8096
27 9443 6603 9408 9428 7845 5435 8914 2689 3742 6976 7549 3175 2704 5531 3184 17 864 9432 7452 29 1337 1594 8542 4872 6823 8479 3504
26 9543 8177 7552 5226 6292 7441 261 3647 1120 2522 6849 6129 6772 8498 1224 5708 7241 7254 8853 2302 7972 192 9293 3074 4712 1766
27 3720 4088 1745 7752 343 5759 4524 6160 3791 8877 1754 6735 5450 9196 5590 64 6775 591 2650 6987 366 9167 5158 9572 5734 5621 2623
27 8085 6093 4937 5829 2401 4183 7338 2313 2337 5514 545 9035 7509 1701 9668 3895 3327 8947 4305 5339 1311 8685 2308 5870 7837 9607 5698
27 1030 2785 2396 2384 6922 9223 7356 1242 1168 3846 8020 6208 9389 1918 3596 326 2127 827 3032 6070 2340 7287 1576 6988 3957 6810 6405
29 9858 6879 1247 9956 2701 598 9315 5084 5490 3402 1825 798 4583 123 7701 1530 1616 3824 6087 72 176 6067 5961 1277 9193 1975 4674 6784 5988
30 9714 2795 7115 7481 4587 7910 383 6230 8258 3863 3834 1102 7431 1726 669 3512 8288 7003 7366 7057 410 7567 7055 6339 6076 5907 7094 9383 6656 9784
27 7781 5528 8875 8829 9251 4887 4487 9531 400 4281 9057 9651 7247 9763 2372 4970 2929 9807 867 3861 88 8559 7542 5527 4437 7153 9600
29 7229 7222 3921 4710 5522 4472 8569 3341 184 6708 8122 1647 4582 1292 7308 6457 4471 5067 7500 8107 8403 7293 7501 469 9032 9953 3308 4963 9741
28 5673 5503 750 1554 6794 7375 5863 3871 8316 4040 636 8813 2800 6072 3370 297 2379 1823 9711 7582 1251 5765 2427 732 9347 4548 3120 9969
24 9692 6597 5675 2186 53 1787 8178 1895 1872 8832 6582 709 9902 3344 5539 6476 5267 8380 3864 2896 2505 7726 6149 2149
28 3590 534 5942 5545 7416 4817 5901 3830 243 1194 3908 8862 4401 4599 3061 2251 2485 2411 2272 1157 1019 37 7520 2478 2567 1891 5365 9138
27 4760 6461 5751 4249 1042 1282 2797 7580 1096 3298 3584 7312 6721 3672 3013 2321 5853 6870 6831 151 4462 2210 4105 4746 3958 2668 6835
32 8172 3216 436 5537 8950 5910 4386 837 3091 7361 2470 4630 9762 1228 3310 9135 3477 4488 52 3869 840 4513 148 1729 2529 1017 6251 6022 1981 3218 2134 8909
27 2921 6062 3765 460 9836 8250 4231 5596 541 8289 5983 7370 2314 6684 7893 4776 4207 325 5655 5421 284 2025 7616 9927 8374 212 647
27 660 6425 350 462 6816 7240 3215 9634 2760 334 7554 877 2237 6521 3102 2625 381 5458 2081 2543 146 8104 8527 4381 6881 3472 5193
30 8372 9988 4068 16 8530 5724 3332 8239 9583 2303 5802 521 9332 5600 3828 1458 5808 8972 536 5631 1075 5663 723 9265 6887 6577 3607 1615 6235 98
25 3766 6610 5669 5258 5126 6369 1689 8150 2474 1214 2121 4598 815 9683 5827 5060 1273 8209 8188 4326 4150 3655 6068 1001 2288
29 9475 9243 89 8073 779 2755 515 8204 4642 7078 3300 4064 1695 7443 5093 6338 8031 7676 4656 9783 5858 9479 7658 9686 3717 6490 9094 8682 6216
33 2823 2182 9743 7084 678 9629 3573 1238 2375 6331 7243 2100 1493 8089 2153 3730 428 1838 2324 2364 4406 3740 8056 6034 5203 6101 3521 7647 3959 5859 2523 1665 7326
31 7382 6347 5511 1014 357 5696 2782 1998 8001 6750 1218 5793 5018 1402 1029 5214 4109 4934 8336 7129 5602 4016 3296 8735 783 9335 1119 4026 1211 7194 2249
27 4494 5798 3339 1398 4926 2912 606 3299 4457 1516 5699 116 8512 3801 3470 1598 361 7479 5866 5788 9348 7711 8935 3985 5774 2809 7690
29 4114 3665 1860 6869 2137 7637 7980 851 8848 6329 753 2188 5869 4930 8691 7265 5648 8158 4742 8397 9341 1755 5888 6579 614 5173 6798 6498 7652
28 5645 7871 40 5658 3347 4126 2642 8076 9436 7472 4869 8821 5691 1829 8621 9712 9469 1906 5415 4649 7226 6477 9331 5657 8247 4197 5729 6055
25 7337 191 1066 9568 7723 5714 4048 5523 1226 2923 7740 8348 5409 4893 2972 244 6641 1162 4000 3498 6080 1543 7261 7568 6491
30 2922 2202 8934 3598 6677 2966 8111 3037 5183 5509 7776 4101 71 6716 8732 1114 2727 7848 7879 7874 2628 2196 6391 699 7453 1266 9064 7772 7066 1651
24 5801 1143 7335 1380 4307 3904 7755 1207 5329 4132 4199 5104 1352 5026 4865 8331 5745 7657 2612 9523 8965 7089 8268 8385
28 9662 7015 5553 8193 5654 4486 8235 2499 4638 2846 3563 8482 9672 8490 2283 2653 4669 2292 9897 8071 5363 1318 5665 9710 7100 1714 8715 7341
28 8299 9601 910 540 3702 3560 2747 8831 8322 4997 2009 7928 8507 8371 2032 7102 903 884 4826 3787 2471 708 8962 1815 1486 6377 3870 4659
30 1813 2652 3827 9747 9506 3953 3291 9027 7201 5253 848 8577 991 4431 1920 2903 8475 169 1848 4787 8524 7530 8101 9881 486 1295 6012 624 6898 9403
30 2452 159 9440 1377 4279 3744 1131 6902 5369 5508 2867 5290 863 4213 7763 5737 2899 1190 463 7825 725 8126 5452 737 566 5582 3138 2431 6088 9154
34 9282 6931 5938 9559 1197 5020 5619 927 8812 3427 4204 4728 9689 2325 4316 2502 8842 7962 5259 1713 6180 2113 774 8674 7535 3935 8881 2619 2072 7895 1287 7553 9452 9700
27 5266 7822 846 1037 9073 4156 8320 5850 2601 2028 6210 1680 7150 2464 8610 1673 6758 6288 6064 6243 7945 2566 399 731 4592 9015 4254
27 688 9591 2766 6351 9190 1542 1777 6690 9917 7785 1321 9769 643 5095 335 66 3261 2662 6373 7594 9036 8742 8302 8533 617 6390 1868
31 4904 4433 5917 3503 8841 8277 6876 5446 1839 1193 323 4657 4293 9964 9185 7739 367 2245 646 279 7398 1296 3874 9789 4450 9912 3173 8228 5928 4605 9604
32 4949 3551 9589 5247 928 1681 704 2748 1917 6675 878 4906 3010 2369 9024 8942 2219 5154 923 3245 7814 1510 9493 6911 8520 1834 2938 6059 3663 7270 8351 5885
31 1386 5336 9075 9699 952 4495 6500 8737 1882 4736 8325 7105 8215 4428 5840 6483 5820 6075 9421 2975 8429 7783 3843 9259 2177 7508 6883 4353 2957 6974 2504
28 4260 2648 5908 7475 9785 8108 6622 794 6084 332 8734 865 32 6156 6644 6492 241 1400 2958 137 9399 2856 4319 8567 581 5918 3101 6806
29 3832 1424 446 2141 3537 792 9302 5401 1306 5045 4732 3453 9303 2675 4637 3409 7221 2173 9779 3342 8342 9840 3559 4688 4561 5507 3970 3279 1154
31 1817 7569 1614 6402 721 1217 9790 3741 91 4341 1104 7195 239 5497 3721 6719 2979 633 5479 5464 8491 6307 5321 4269 6281 4907 6465 7090 1079 869 4916
30 5254 4753 49 7985 9625 3033 771 7870 3388 4665 5951 6813 1091 2759 1382 7310 4738 1654 8537 992 9386 9245 8664 7139 3661 253 6833 8070 6732 7936
25 2209 6845 7395 68 6748 6016 402 3780 8603 3603 9216 3771 2683 4723 2315 2181 5931 1984 1687 4121 4927 8979 4683 6942 2879
25 9038 6888 9966 288 9454 9121 6562 9994 168 3553 6025 7344 6545 8217 6792 761 3089 885 7977 7121 9353 1655 1653 6371 819
28 8653 3679 3350 1597 8714 971 5157 1609 6715 3546 4212 2389 5427 92 1905 3271 6807 2798 9518 3475 2362 3561 8622 2248 9563 240 6564 496
27 1472 4543 4944 1700 3733 8865 8649 9442 8318 4823 4402 2080 5075 7385 5287 5242 3945 1026 3749 1331 8648 5221 9613 6008 852 7422 5644
27 3581 1113 1809 6563 2599 4104 2908 1770 6276 1671 7037 7188 403 2534 1636 3067 613 7628 9199 1463 5364 7252 3729 1874 7677 5216 2217
26 9764 8969 7329 6283 1055 1322 7316 8876 8668 353 5592 5701 2148 4925 9453 6384 5495 7051 5651 142 9472 4042 7804 6442 578 5666
29 3104 626 3260 1818 3557 1465 7436 2394 2541 2613 6409 6872 3364 4612 5579 5993 5606 802 1537 9776 3822 7685 9048 4253 2162 4108 9148 7631 202
28 9014 4057 5387 8890 2664 4716 8494 7349 4931 5434 7503 1908 3078 6829 7199 4232 4902 1732 2216 9083 4007 267 7228 2718 5678 8514 8548 3818
26 3636 1204 417 9130 3126 784 5201 8256 3802 1683 1000 4825 1870 5800 5695 5248 6417 8525 5626 7391 1982 7714 5261 4224 8298 6625
27 5955 528 4151 6556 4314 7065 3439 2233 1423 5064 8294 9228 2560 4288 2632 6850 8707 9867 4770 6458 2190 932 8343 8164 4947 8768 900
32 5876 1387 3505 747 8699 3405 706 4313 2238 7483 8528 1326 5704 7284 3975 8639 1249 6565 9140 8034 5419 6035 2880 6081 3597 4449 4468 5629 5110 3083 1638 2678
29 482 1531 9791 8339 5574 9719 443 4395 36 7891 2552 8147 5661 781 1698 2893 2753 6628 211 1087 4894 7034 5381 2398 497 9474 655 4556 9556
30 9861 8440 4660 3582 7144 9825 9648 8679 4550 3678 8025 3606 2818 8255 680 9091 7378 3418 6712 6768 2696 7113 3023 7289 6222 3687 4954 8619 8771 3952
29 2772 2636 7031 6151 5345 6152 6844 4175 941 1821 6847 1121 8505 1126 9367 7035 9736 5081 7079 5923 4333 7565 767 50 692 3041 9573 5204 5107
28 7179 7309 3682 9382 7286 2868 3275 1028 7670 8330 5192 5913 2370 2811 7075 6837 9587 1640 3077 4626 5922 2729 9766 860 5092 7362 2561 7774
29 7642 5564 479 7442 6819 4639 4722 513 4089 1081 670 4792 1849 3020 8015 99 1783 2224 8155 6505 1284 4508 4920 6541 5560 41 561 7947 6091
30 2414 1768 7744 1264 8727 5670 7526 8005 7401 1986 5106 4430 5428 8630 9325 9624 355 7563 5616 6691 5190 754 6909 661 6360 7970 8236 5280 845 2994
30 9328 1938 5881 2535 6410 8711 2745 1904 4185 6037 7387 4147 8925 6502 5443 7656 9169 6403 8028 7350 6219 1332 8521 4336 5305 8823 9320 2814 4097 6090
28 1824 1330 811 4629 1822 5796 9540 2136 2679 6344 9327 1002 6780 7077 5540 9 8139 7437 8271 3372 1844 3178 9536 2618 5864 8105 4998 1864
27 7855 4481 1275 1417 2746 8266 4621 2142 4110 3925 5309 1544 4779 947 7212 6326 5986 4595 4528 8405 4463 6661 3208 575 1928 4419 1363
25 5500 6200 6416 3455 2167 1593 5457 2919 1427 3035 7958 6951 5132 3250 8757 5131 6685 6834 6723 2443 3510 7518 2737 3366 7187
28 4967 3833 4896 6995 9484 9803 3335 964 3156 8131 5304 2859 7114 3301 3571 4482 5399 967 3617 8157 4624 5702 8117 4287 4680 9188 8151 5707
28 2996 8346 3856 9951 5632 1124 2101 662 7202 473 5501 7706 2577 3028 8990 830 4812 8921 2665 165 6095 6455 5571 7858 368 6960 8387 4962
28 3491 5837 8078 9584 4824 1241 2058 5228 4205 3212 972 6252 3011 5230 4378 5884 2290 1977 2460 6604 4709 4780 2079 3614 6311 9100 9724 7911
27 6897 1186 7109 4018 4730 2744 3715 7703 2132 3670 8801 6098 3003 9290 6223 1351 9487 6199 1164 1591 8531 7734 2269 6011 9767 6480 2103
25 4397 7929 3855 7026 6766 3019 1222 8349 7745 7466 9309 3446 7757 5567 354 9429 3445 5328 7498 2360 5101 3842 5780 1350 447
25 3123 5069 3867 9304 1772 9200 630 720 7743 8253 7990 5265 9283 4434 1195 2941 4464 3230 6926 3577 9713 9904 8941 9802 4329
30 7186 7979 7579 8884 3680 9391 572 9329 7111 9078 5384 3229 741 3879 2428 2287 4693 9419 8495 1684 7646 9574 8382 372 4075 7477 2862 2400 5836 2518
30 570 1752 336 9612 289 740 5296 9451 6436 9808 943 7935 6989 2790 6063 4410 210 2387 3960 268 8563 5164 1362 9301 8043 9765 5960 4512 2528 4331
29 2713 4169 5156 6889 171 8012 2232 2318 1525 9818 4272 6085 6552 231 3616 3043 5899 6695 4972 5004 6852 1966 4038 6631 1449 3940 8776 6947 9799
29 207 1712 8026 9891 3851 8281 6049 81 9240 4003 9056 8511 6800 564 339 7587 3677 7615 3129 8041 1645 6346 5892 8427 7342 1316 7966 3554 4131
27 2550 7529 8134 6935 1257 6985 6036 4117 1082 3407 9983 9490 557 6134 6009 8367 2988 5979 9744 6116 5437 1529 7463 7107 127 8092 1596
26 4077 8995 8740 5668 6046 9856 8201 8793 734 9835 8967 109 7557 1927 303 2271 6247 727 5145 4242 8408 6899 6717 8011 2556 2661
29 625 8404 2836 5031 5181 7249 4673 7675 9949 5911 3398 1889 1244 9844 6182 8882 1453 1495 3204 5636 5194 9519 2621 9514 7666 3988 8353 6320 3436
27 2378 4634 1285 7864 4573 236 6519 9864 9781 9126 3262 1206 2685 8755 6892 998 6518 7189 4924 6004 1843 4029 1951 3779 7926 5591 7917
27 3492 6671 1862 1278 6322 2673 530 619 4163 4785 2590 5834 7612 8007 4335 418 5199 5236 7083 4846 4968 808 3859 5386 2189 4526 3386
27 1942 2711 1100 5868 3847 3170 9461 6015 7131 8144 1948 2780 7238 9047 8414 4596 4187 488 9663 9061 3066 7544 65 6722 5054 9410 1199
27 9740 862 7689 3932 3951 8594 6393 2788 6069 9067 6138 8769 4914 1170 6696 449 414 5957 6938 8098 8357 298 5599 8846 4257 5473 4361
22 286 6475 9751 7259 2391 4083 257 7450 5890 2973 9326 5790 4191 2997 5623 4932 4265 2784 652 287 9995 3708
27 9890 78 5529 4415 8445 6966 8454 380 8518 1693 2547 911 7941 9434 382 245 2837 8773 7635 8662 8359 10 3224 1474 3467 1315 6051
29 6812 4447 1983 291 3331 780 365 9406 8423 550 5749 1290 642 5080 4813 8650 8796 131 6940 1845 3714 1201 1200 8229 3995 2422 2572 2059 7049
31 654 9688 8170 5129 2353 9777 9585 6244 1174 1317 391 7076 8844 5998 2842 6147 2708 5565 5841 6270 5544 4537 6254 1129 1731 7770 5294 3148 641 3540 4789
28 9211 4338 2244 8130 1059 5224 7751 6912 6615 358 7352 6454 9300 143 3382 7012 9810 7217 5103 8091 4013 6858 1254 6327 7521 7741 265 7996
28 7256 7175 90 6030 5416 5166 6112 8638 5862 569 7432 1303 4343 6846 4700 9560 8396 5627 7225 5271 3591 6602 3578 6660 5215 6332 2296 722
28 8669 5865 6363 1051 1923 1414 9725 3654 5119 8013 7863 6386 4098 1137 9588 6607 7499 6124 912 3973 6937 3338 8388 2250 2571 9894 4540 1637
28 1048 9826 7380 6245 432 3518 4567 9571 8541 3544 5010 3379 4519 7846 5135 6350 507 4389 19 5554 3294 542 2109 1811 6838 4841 7322 7364
27 2091 7006 2351 563 6382 2166 8910 6099 9989 8627 1011 4140 5137 5894 8185 7696 8597 5426 6649 8496 139 1086 44 4380 2670 977 1627
29 2146 8044 2604 4219 6123 7149 6057 3625 6221 3176 2558 2808 3795 5219 9060 9617 2447 3085 1471 4860 8457 1945 9357 9108 4061 453 5633 6269 5065
29 7297 4170 9646 906 5210 8726 5396 117 8211 2207 1557 5291 5874 1103 96 4054 2723 495 6047 1703 5172 4012 1527 9620 1396 3457 2273 5618 4978
28 1125 4794 6687 9385 4933 6703 4251 9339 4201 8815 6238 8248 2589 6996 3054 6323 834 985 5799 2598 2035 9146 9652 3352 1115 8501 3059 3444
27 666 4766 6482 3150 1283 8410 8920 4247 1419 5404 3290 225 3441 7924 7013 7271 2806 1156 7325 6934 3133 1538 2953 5196 9687 2804 5738
30 2698 1566 5492 8733 309 6105 7840 5406 4724 987 6606 8976 1589 2520 7491 1832 7898 905 8300 829 122 2438 5445 2454 7602 9950 3207 9829 1522 7492
28 1512 3873 3322 4286 1441 9955 5587 4566 8798 7291 1395 7355 9278 8886 1664 2697 6759 2344 6853 6605 7497 5722 8818 2721 4490 5543 5877 9204
29 152 552 5109 1913 2609 6616 3803 5700 7610 4262 3055 8666 6375 7682 6930 6204 8534 6396 8997 6193 3539 8473 7263 8287 8633 7490 6667 5513 6511
29 6257 8781 3 6767 8756 5610 4350 7061 9437 9842 4435 1960 9280 3923 1261 6450 6539 9405 6739 272 1910 6420 6801 2046 7164 2031 9866 9544 2980
29 4049 5370 5213 4400 9761 8257 4672 5757 7664 4652 4290 2900 6811 2981 635 3641 324 2087 3690 9541 8785 9026 4613 8576 6745 8363 7371 1551 6787
27 2517 810 7707 6481 7381 7915 2832 1433 9973 135 5791 6018 8390 7882 9312 4614 6884 6146 2133 9396 4308 6241 2491 4517 7214 7805 3080
25 6319 3501 9606 4474 9735 9229 1707 5821 689 4443 3228 909 8338 5842 9411 4648 5393 2023 6589 3593 5341 1378 1601 4923 7215
29 9360 2557 9592 3954 9874 9241 2266 2039 3234 8840 9760 9249 3284 4180 9222 3897 2043 812 3550 4806 4073 2421 1447 2964 4531 4619 7474 2810 233
